This is pdfTeX, Version 3.141592653-2.6-1.40.26 (MiKTeX 24.4) (preloaded format=pdflatex 2024.5.8)  11 MAY 2024 23:30
entering extended mode
 restricted \write18 enabled.
 file:line:error style messages enabled.
 %&-line parsing enabled.
**c:/Users/Admin/Desktop/Projects/Python-Report/report.tex
(c:/Users/Admin/Desktop/Projects/Python-Report/report.tex
LaTeX2e <2023-11-01> patch level 1
L3 programming layer <2024-04-11>
(D:\MikTex\tex/latex/base\article.cls
Document Class: article 2023/05/17 v1.4n Standard LaTeX document class
(D:\MikTex\tex/latex/base\size10.clo
File: size10.clo 2023/05/17 v1.4n Standard LaTeX file (size option)
)
\c@part=\count189
\c@section=\count190
\c@subsection=\count191
\c@subsubsection=\count192
\c@paragraph=\count193
\c@subparagraph=\count194
\c@figure=\count195
\c@table=\count196
\abovecaptionskip=\skip48
\belowcaptionskip=\skip49
\bibindent=\dimen140
) (D:\MikTex\tex/latex/vntex\vntex.sty
Package: vntex 2009/07/12 v1.1 support for Vietnamese
 (D:\MikTex\tex/latex/base\ifthen.sty
Package: ifthen 2022/04/13 v1.1d Standard LaTeX ifthen package (DPC)
) (D:\MikTex\tex/latex/base\fontenc.sty
Package: fontenc 2021/04/29 v2.0v Standard LaTeX package
 (D:\MikTex\tex/latex/vntex\t5enc.def
File: t5enc.def 2006/11/21 v1.4 Vietnamese T5 encoding
Now handling font encoding T5 ...
... processing UTF-8 mapping file for font encoding T5
 (D:\MikTex\tex/latex/vntex\t5enc.dfu
File: t5enc.dfu 2006/08/19 v1.1 UTF8 support for Vietnamese
   defining Unicode char U+00AB (decimal 171)
   defining Unicode char U+00BB (decimal 187)
   defining Unicode char U+00C0 (decimal 192)
   defining Unicode char U+00C1 (decimal 193)
   defining Unicode char U+00C2 (decimal 194)
   defining Unicode char U+00C3 (decimal 195)
   defining Unicode char U+00C8 (decimal 200)
   defining Unicode char U+00C9 (decimal 201)
   defining Unicode char U+00CA (decimal 202)
   defining Unicode char U+00CC (decimal 204)
   defining Unicode char U+00CD (decimal 205)
   defining Unicode char U+00D2 (decimal 210)
   defining Unicode char U+00D3 (decimal 211)
   defining Unicode char U+00D4 (decimal 212)
   defining Unicode char U+00D5 (decimal 213)
   defining Unicode char U+00D9 (decimal 217)
   defining Unicode char U+00DA (decimal 218)
   defining Unicode char U+00DD (decimal 221)
   defining Unicode char U+00E0 (decimal 224)
   defining Unicode char U+00E1 (decimal 225)
   defining Unicode char U+00E2 (decimal 226)
   defining Unicode char U+00E3 (decimal 227)
   defining Unicode char U+00E8 (decimal 232)
   defining Unicode char U+00E9 (decimal 233)
   defining Unicode char U+00EA (decimal 234)
   defining Unicode char U+00EC (decimal 236)
   defining Unicode char U+00ED (decimal 237)
   defining Unicode char U+00F2 (decimal 242)
   defining Unicode char U+00F3 (decimal 243)
   defining Unicode char U+00F4 (decimal 244)
   defining Unicode char U+00F5 (decimal 245)
   defining Unicode char U+00F9 (decimal 249)
   defining Unicode char U+00FA (decimal 250)
   defining Unicode char U+00FD (decimal 253)
   defining Unicode char U+0102 (decimal 258)
   defining Unicode char U+0103 (decimal 259)
   defining Unicode char U+0110 (decimal 272)
   defining Unicode char U+0111 (decimal 273)
   defining Unicode char U+0128 (decimal 296)
   defining Unicode char U+0129 (decimal 297)
   defining Unicode char U+0131 (decimal 305)
   defining Unicode char U+0168 (decimal 360)
   defining Unicode char U+0169 (decimal 361)
   defining Unicode char U+01A0 (decimal 416)
   defining Unicode char U+01A1 (decimal 417)
   defining Unicode char U+01AF (decimal 431)
   defining Unicode char U+01B0 (decimal 432)
   defining Unicode char U+1EA0 (decimal 7840)
   defining Unicode char U+1EA1 (decimal 7841)
   defining Unicode char U+1EA2 (decimal 7842)
   defining Unicode char U+1EA3 (decimal 7843)
   defining Unicode char U+1EA4 (decimal 7844)
   defining Unicode char U+1EA5 (decimal 7845)
   defining Unicode char U+1EA6 (decimal 7846)
   defining Unicode char U+1EA7 (decimal 7847)
   defining Unicode char U+1EA8 (decimal 7848)
   defining Unicode char U+1EA9 (decimal 7849)
   defining Unicode char U+1EAA (decimal 7850)
   defining Unicode char U+1EAB (decimal 7851)
   defining Unicode char U+1EAC (decimal 7852)
   defining Unicode char U+1EAD (decimal 7853)
   defining Unicode char U+1EAE (decimal 7854)
   defining Unicode char U+1EAF (decimal 7855)
   defining Unicode char U+1EB0 (decimal 7856)
   defining Unicode char U+1EB1 (decimal 7857)
   defining Unicode char U+1EB2 (decimal 7858)
   defining Unicode char U+1EB3 (decimal 7859)
   defining Unicode char U+1EB4 (decimal 7860)
   defining Unicode char U+1EB5 (decimal 7861)
   defining Unicode char U+1EB6 (decimal 7862)
   defining Unicode char U+1EB7 (decimal 7863)
   defining Unicode char U+1EB8 (decimal 7864)
   defining Unicode char U+1EB9 (decimal 7865)
   defining Unicode char U+1EBA (decimal 7866)
   defining Unicode char U+1EBB (decimal 7867)
   defining Unicode char U+1EBC (decimal 7868)
   defining Unicode char U+1EBD (decimal 7869)
   defining Unicode char U+1EBE (decimal 7870)
   defining Unicode char U+1EBF (decimal 7871)
   defining Unicode char U+1EC0 (decimal 7872)
   defining Unicode char U+1EC1 (decimal 7873)
   defining Unicode char U+1EC2 (decimal 7874)
   defining Unicode char U+1EC3 (decimal 7875)
   defining Unicode char U+1EC4 (decimal 7876)
   defining Unicode char U+1EC5 (decimal 7877)
   defining Unicode char U+1EC6 (decimal 7878)
   defining Unicode char U+1EC7 (decimal 7879)
   defining Unicode char U+1EC8 (decimal 7880)
   defining Unicode char U+1EC9 (decimal 7881)
   defining Unicode char U+1ECA (decimal 7882)
   defining Unicode char U+1ECB (decimal 7883)
   defining Unicode char U+1ECC (decimal 7884)
   defining Unicode char U+1ECD (decimal 7885)
   defining Unicode char U+1ECE (decimal 7886)
   defining Unicode char U+1ECF (decimal 7887)
   defining Unicode char U+1ED0 (decimal 7888)
   defining Unicode char U+1ED1 (decimal 7889)
   defining Unicode char U+1ED2 (decimal 7890)
   defining Unicode char U+1ED3 (decimal 7891)
   defining Unicode char U+1ED4 (decimal 7892)
   defining Unicode char U+1ED5 (decimal 7893)
   defining Unicode char U+1ED6 (decimal 7894)
   defining Unicode char U+1ED7 (decimal 7895)
   defining Unicode char U+1ED8 (decimal 7896)
   defining Unicode char U+1ED9 (decimal 7897)
   defining Unicode char U+1EDA (decimal 7898)
   defining Unicode char U+1EDB (decimal 7899)
   defining Unicode char U+1EDC (decimal 7900)
   defining Unicode char U+1EDD (decimal 7901)
   defining Unicode char U+1EDE (decimal 7902)
   defining Unicode char U+1EDF (decimal 7903)
   defining Unicode char U+1EE0 (decimal 7904)
   defining Unicode char U+1EE1 (decimal 7905)
   defining Unicode char U+1EE2 (decimal 7906)
   defining Unicode char U+1EE3 (decimal 7907)
   defining Unicode char U+1EE4 (decimal 7908)
   defining Unicode char U+1EE5 (decimal 7909)
   defining Unicode char U+1EE6 (decimal 7910)
   defining Unicode char U+1EE7 (decimal 7911)
   defining Unicode char U+1EE8 (decimal 7912)
   defining Unicode char U+1EE9 (decimal 7913)
   defining Unicode char U+1EEA (decimal 7914)
   defining Unicode char U+1EEB (decimal 7915)
   defining Unicode char U+1EEC (decimal 7916)
   defining Unicode char U+1EED (decimal 7917)
   defining Unicode char U+1EEE (decimal 7918)
   defining Unicode char U+1EEF (decimal 7919)
   defining Unicode char U+1EF0 (decimal 7920)
   defining Unicode char U+1EF1 (decimal 7921)
   defining Unicode char U+1EF2 (decimal 7922)
   defining Unicode char U+1EF3 (decimal 7923)
   defining Unicode char U+1EF4 (decimal 7924)
   defining Unicode char U+1EF5 (decimal 7925)
   defining Unicode char U+1EF6 (decimal 7926)
   defining Unicode char U+1EF7 (decimal 7927)
   defining Unicode char U+1EF8 (decimal 7928)
   defining Unicode char U+1EF9 (decimal 7929)
   defining Unicode char U+200C (decimal 8204)
   defining Unicode char U+2013 (decimal 8211)
   defining Unicode char U+2014 (decimal 8212)
   defining Unicode char U+2018 (decimal 8216)
   defining Unicode char U+2019 (decimal 8217)
   defining Unicode char U+201A (decimal 8218)
   defining Unicode char U+201C (decimal 8220)
   defining Unicode char U+201D (decimal 8221)
   defining Unicode char U+201E (decimal 8222)
   defining Unicode char U+2030 (decimal 8240)
   defining Unicode char U+2031 (decimal 8241)
   defining Unicode char U+2039 (decimal 8249)
   defining Unicode char U+203A (decimal 8250)
   defining Unicode char U+2423 (decimal 9251)
))
LaTeX Font Info:    Trying to load font information for T5+cmr on input line 112.
 (D:\MikTex\tex/latex/vntex\t5cmr.fd
File: t5cmr.fd 1999/05/25 v2.5h Standard LaTeX font definitions
))

Package vntex Warning: No input encoding specified, using UTF-8 as default on input line 88.

(D:\MikTex\tex/latex/base\inputenc.sty
Package: inputenc 2021/02/14 v1.3d Input encoding file
\inpenc@prehook=\toks17
\inpenc@posthook=\toks18
) (D:\MikTex\tex/latex/vntex\vncaps.tex
File: vncaps.tex 2006/06/07 v1.1 Captions in Vietnamese
)) (D:\MikTex\tex/latex/a4wide\a4wide.sty
Package: a4wide 1994/08/30
 (D:\MikTex\tex/latex/ntgclass\a4.sty
Package: a4 2023/01/10 v1.2g A4 based page layout
)) (D:\MikTex\tex/latex/amsfonts\amssymb.sty
Package: amssymb 2013/01/14 v3.01 AMS font symbols
 (D:\MikTex\tex/latex/amsfonts\amsfonts.sty
Package: amsfonts 2013/01/14 v3.01 Basic AMSFonts support
\@emptytoks=\toks19
\symAMSa=\mathgroup4
\symAMSb=\mathgroup5
LaTeX Font Info:    Redeclaring math symbol \hbar on input line 98.
LaTeX Font Info:    Overwriting math alphabet `\mathfrak' in version `bold'
(Font)                  U/euf/m/n --> U/euf/b/n on input line 106.
)) (D:\MikTex\tex/latex/graphics\epsfig.sty
Package: epsfig 2017/06/25 v1.7b (e)psfig emulation (SPQR)
 (D:\MikTex\tex/latex/graphics\graphicx.sty
Package: graphicx 2021/09/16 v1.2d Enhanced LaTeX Graphics (DPC,SPQR)
 (D:\MikTex\tex/latex/graphics\keyval.sty
Package: keyval 2022/05/29 v1.15 key=value parser (DPC)
\KV@toks@=\toks20
) (D:\MikTex\tex/latex/graphics\graphics.sty
Package: graphics 2022/03/10 v1.4e Standard LaTeX Graphics (DPC,SPQR)
 (D:\MikTex\tex/latex/graphics\trig.sty
Package: trig 2021/08/11 v1.11 sin cos tan (DPC)
) (D:\MikTex\tex/latex/graphics-cfg\graphics.cfg
File: graphics.cfg 2016/06/04 v1.11 sample graphics configuration
)
Package graphics Info: Driver file: pdftex.def on input line 107.
 (D:\MikTex\tex/latex/graphics-def\pdftex.def
File: pdftex.def 2024/04/13 v1.2c Graphics/color driver for pdftex
))
\Gin@req@height=\dimen141
\Gin@req@width=\dimen142
)
\epsfxsize=\dimen143
\epsfysize=\dimen144
) (D:\MikTex\tex/latex/base\latexsym.sty
Package: latexsym 1998/08/17 v2.2e Standard LaTeX package (lasy symbols)
\symlasy=\mathgroup6
LaTeX Font Info:    Overwriting symbol font `lasy' in version `bold'
(Font)                  U/lasy/m/n --> U/lasy/b/n on input line 52.
) (D:\MikTex\tex/latex/tools\multicol.sty
Package: multicol 2023/03/30 v1.9f multicolumn formatting (FMi)
\c@tracingmulticols=\count197
\mult@box=\box51
\multicol@leftmargin=\dimen145
\c@unbalance=\count198
\c@collectmore=\count199
\doublecol@number=\count266
\multicoltolerance=\count267
\multicolpretolerance=\count268
\full@width=\dimen146
\page@free=\dimen147
\premulticols=\dimen148
\postmulticols=\dimen149
\multicolsep=\skip50
\multicolbaselineskip=\skip51
\partial@page=\box52
\last@line=\box53
\mc@boxedresult=\box54
\maxbalancingoverflow=\dimen150
\mult@rightbox=\box55
\mult@grightbox=\box56
\mult@firstbox=\box57
\mult@gfirstbox=\box58
\@tempa=\box59
\@tempa=\box60
\@tempa=\box61
\@tempa=\box62
\@tempa=\box63
\@tempa=\box64
\@tempa=\box65
\@tempa=\box66
\@tempa=\box67
\@tempa=\box68
\@tempa=\box69
\@tempa=\box70
\@tempa=\box71
\@tempa=\box72
\@tempa=\box73
\@tempa=\box74
\@tempa=\box75
\@tempa=\box76
\@tempa=\box77
\@tempa=\box78
\@tempa=\box79
\@tempa=\box80
\@tempa=\box81
\@tempa=\box82
\@tempa=\box83
\@tempa=\box84
\@tempa=\box85
\@tempa=\box86
\@tempa=\box87
\@tempa=\box88
\@tempa=\box89
\@tempa=\box90
\@tempa=\box91
\@tempa=\box92
\@tempa=\box93
\@tempa=\box94
\c@minrows=\count269
\c@columnbadness=\count270
\c@finalcolumnbadness=\count271
\last@try=\dimen151
\multicolovershoot=\dimen152
\multicolundershoot=\dimen153
\mult@nat@firstbox=\box95
\colbreak@box=\box96
\mc@col@check@num=\count272
) (D:\MikTex\tex/latex/tools\array.sty
Package: array 2023/10/16 v2.5g Tabular extension package (FMi)
\col@sep=\dimen154
\ar@mcellbox=\box97
\extrarowheight=\dimen155
\NC@list=\toks21
\extratabsurround=\skip52
\backup@length=\skip53
\ar@cellbox=\box98
) (D:\MikTex\tex/latex/tools\hhline.sty
Package: hhline 2020/01/04 v2.04 Table rule package (DPC)
) (D:\MikTex\tex/latex/fancyhdr\fancyhdr.sty
Package: fancyhdr 2024/04/23 v4.2 Extensive control of page headers and footers
\f@nch@headwidth=\skip54
\f@nch@O@elh=\skip55
\f@nch@O@erh=\skip56
\f@nch@O@olh=\skip57
\f@nch@O@orh=\skip58
\f@nch@O@elf=\skip59
\f@nch@O@erf=\skip60
\f@nch@O@olf=\skip61
\f@nch@O@orf=\skip62
) (D:\MikTex\tex/latex/booktabs\booktabs.sty
Package: booktabs 2020/01/12 v1.61803398 Publication quality tables
\heavyrulewidth=\dimen156
\lightrulewidth=\dimen157
\cmidrulewidth=\dimen158
\belowrulesep=\dimen159
\belowbottomsep=\dimen160
\aboverulesep=\dimen161
\abovetopsep=\dimen162
\cmidrulesep=\dimen163
\cmidrulekern=\dimen164
\defaultaddspace=\dimen165
\@cmidla=\count273
\@cmidlb=\count274
\@aboverulesep=\dimen166
\@belowrulesep=\dimen167
\@thisruleclass=\count275
\@lastruleclass=\count276
\@thisrulewidth=\dimen168
) (D:\MikTex\tex/latex/amsmath\amsmath.sty
Package: amsmath 2023/05/13 v2.17o AMS math features
\@mathmargin=\skip63

For additional information on amsmath, use the `?' option.
(D:\MikTex\tex/latex/amsmath\amstext.sty
Package: amstext 2021/08/26 v2.01 AMS text
 (D:\MikTex\tex/latex/amsmath\amsgen.sty
File: amsgen.sty 1999/11/30 v2.0 generic functions
\@emptytoks=\toks22
\ex@=\dimen169
)) (D:\MikTex\tex/latex/amsmath\amsbsy.sty
Package: amsbsy 1999/11/29 v1.2d Bold Symbols
\pmbraise@=\dimen170
) (D:\MikTex\tex/latex/amsmath\amsopn.sty
Package: amsopn 2022/04/08 v2.04 operator names
)
\inf@bad=\count277
LaTeX Info: Redefining \frac on input line 234.
\uproot@=\count278
\leftroot@=\count279
LaTeX Info: Redefining \overline on input line 399.
LaTeX Info: Redefining \colon on input line 410.
\classnum@=\count280
\DOTSCASE@=\count281
LaTeX Info: Redefining \ldots on input line 496.
LaTeX Info: Redefining \dots on input line 499.
LaTeX Info: Redefining \cdots on input line 620.
\Mathstrutbox@=\box99
\strutbox@=\box100
LaTeX Info: Redefining \big on input line 722.
LaTeX Info: Redefining \Big on input line 723.
LaTeX Info: Redefining \bigg on input line 724.
LaTeX Info: Redefining \Bigg on input line 725.
\big@size=\dimen171
LaTeX Font Info:    Redeclaring font encoding OML on input line 743.
LaTeX Font Info:    Redeclaring font encoding OMS on input line 744.
\macc@depth=\count282
LaTeX Info: Redefining \bmod on input line 905.
LaTeX Info: Redefining \pmod on input line 910.
LaTeX Info: Redefining \smash on input line 940.
LaTeX Info: Redefining \relbar on input line 970.
LaTeX Info: Redefining \Relbar on input line 971.
\c@MaxMatrixCols=\count283
\dotsspace@=\muskip16
\c@parentequation=\count284
\dspbrk@lvl=\count285
\tag@help=\toks23
\row@=\count286
\column@=\count287
\maxfields@=\count288
\andhelp@=\toks24
\eqnshift@=\dimen172
\alignsep@=\dimen173
\tagshift@=\dimen174
\tagwidth@=\dimen175
\totwidth@=\dimen176
\lineht@=\dimen177
\@envbody=\toks25
\multlinegap=\skip64
\multlinetaggap=\skip65
\mathdisplay@stack=\toks26
LaTeX Info: Redefining \[ on input line 2953.
LaTeX Info: Redefining \] on input line 2954.
) (D:\MikTex\tex/latex/lastpage\lastpage.sty
Package: lastpage 2024/04/27 v2.1a lastpage: 2.09 or 2e? (HMM)
 (D:\MikTex\tex/latex/lastpage\lastpage2e.sty
Package: lastpage2e 2024/04/27 v2.1a Decide which 2e lastpage version to use (HMM)
 (D:\MikTex\tex/latex/lastpage\lastpagemodern.sty
Package: lastpagemodern 2024-04-27 v2.1a Refers to last page's name (HMM; JPG)
\c@lastpagecount=\count289
) 
)) (D:\MikTex\tex/latex/algorithm2e\algorithm2e.sty
Package: algorithm2e 2017/07/18 v5.2 algorithms environments
\c@AlgoLine=\count290
\algocf@hangindent=\skip66
 (D:\MikTex\tex/latex/ifoddpage\ifoddpage.sty
Package: ifoddpage 2022/10/18 v1.2 Conditionals for odd/even page detection
\c@checkoddpage=\count291
) (D:\MikTex\tex/latex/tools\xspace.sty
Package: xspace 2014/10/28 v1.13 Space after command names (DPC,MH)
) (D:\MikTex\tex/latex/relsize\relsize.sty
Package: relsize 2013/03/29 ver 4.1
)
\skiptotal=\skip67
\skiplinenumber=\skip68
\skiprule=\skip69
\skiphlne=\skip70
\skiptext=\skip71
\skiplength=\skip72
\algomargin=\skip73
\skipalgocfslide=\skip74
\algowidth=\dimen178
\inoutsize=\dimen179
\inoutindent=\dimen180
\interspacetitleruled=\dimen181
\interspacealgoruled=\dimen182
\interspacetitleboxruled=\dimen183
\algocf@ruledwidth=\skip75
\algocf@inoutbox=\box101
\algocf@inputbox=\box102
\AlCapSkip=\skip76
\AlCapHSkip=\skip77
\algoskipindent=\skip78
\algocf@nlbox=\box103
\algocf@hangingbox=\box104
\algocf@untilbox=\box105
\algocf@skipuntil=\skip79
\algocf@capbox=\box106
\algocf@lcaptionbox=\skip80
\algoheightruledefault=\skip81
\algoheightrule=\skip82
\algotitleheightruledefault=\skip83
\algotitleheightrule=\skip84
\c@algocfline=\count292
\c@algocfproc=\count293
\c@algocf=\count294
\algocf@algoframe=\box107
\algocf@algobox=\box108
) (D:\MikTex\tex/latex/tools\enumerate.sty
Package: enumerate 2023/07/04 v3.00 enumerate extensions (DPC)
\@enLab=\toks27
) (D:\MikTex\tex/latex/graphics\color.sty
Package: color 2022/01/06 v1.3d Standard LaTeX Color (DPC)
 (D:\MikTex\tex/latex/graphics-cfg\color.cfg
File: color.cfg 2016/01/02 v1.6 sample color configuration
)
Package color Info: Driver file: pdftex.def on input line 149.
 (D:\MikTex\tex/latex/graphics\mathcolor.ltx)) (D:\MikTex\tex/latex/tools\tabularx.sty
Package: tabularx 2023/07/08 v2.11c `tabularx' package (DPC)
\TX@col@width=\dimen184
\TX@old@table=\dimen185
\TX@old@col=\dimen186
\TX@target=\dimen187
\TX@delta=\dimen188
\TX@cols=\count295
\TX@ftn=\toks28
) (D:\MikTex\tex/latex/caption\caption.sty
Package: caption 2023/08/05 v3.6o Customizing captions (AR)
 (D:\MikTex\tex/latex/caption\caption3.sty
Package: caption3 2023/07/31 v2.4d caption3 kernel (AR)
\caption@tempdima=\dimen189
\captionmargin=\dimen190
\caption@leftmargin=\dimen191
\caption@rightmargin=\dimen192
\caption@width=\dimen193
\caption@indent=\dimen194
\caption@parindent=\dimen195
\caption@hangindent=\dimen196
Package caption Info: Standard document class detected.
)
\c@caption@flags=\count296
\c@continuedfloat=\count297
) (D:\MikTex\tex/latex/multirow\multirow.sty
Package: multirow 2021/03/15 v2.8 Span multiple rows of a table
\multirow@colwidth=\skip85
\multirow@cntb=\count298
\multirow@dima=\skip86
\bigstrutjot=\dimen197
) (D:\MikTex\tex/latex/mdframed\mdframed.sty
Package: mdframed 2013/07/01 1.9b: mdframed
 (D:\MikTex\tex/latex/kvoptions\kvoptions.sty
Package: kvoptions 2022-06-15 v3.15 Key value format for package options (HO)
 (D:\MikTex\tex/generic/ltxcmds\ltxcmds.sty
Package: ltxcmds 2023-12-04 v1.26 LaTeX kernel commands for general use (HO)
) (D:\MikTex\tex/latex/kvsetkeys\kvsetkeys.sty
Package: kvsetkeys 2022-10-05 v1.19 Key value parser (HO)
)) (D:\MikTex\tex/latex/l3packages/xparse\xparse.sty (D:\MikTex\tex/latex/l3kernel\expl3.sty
Package: expl3 2024-04-11 L3 programming layer (loader) 
 (D:\MikTex\tex/latex/l3backend\l3backend-pdftex.def
File: l3backend-pdftex.def 2024-04-11 L3 backend support: PDF output (pdfTeX)
\l__color_backend_stack_int=\count299
\l__pdf_internal_box=\box109
))
Package: xparse 2024-03-14 L3 Experimental document command parser
) (D:\MikTex\tex/latex/etoolbox\etoolbox.sty
Package: etoolbox 2020/10/05 v2.5k e-TeX tools for LaTeX (JAW)
\etb@tempcnta=\count300
) (D:\MikTex\tex/latex/zref\zref-abspage.sty
Package: zref-abspage 2023-09-14 v2.35 Module abspage for zref (HO)
 (D:\MikTex\tex/latex/zref\zref-base.sty
Package: zref-base 2023-09-14 v2.35 Module base for zref (HO)
 (D:\MikTex\tex/generic/infwarerr\infwarerr.sty
Package: infwarerr 2019/12/03 v1.5 Providing info/warning/error messages (HO)
) (D:\MikTex\tex/generic/kvdefinekeys\kvdefinekeys.sty
Package: kvdefinekeys 2019-12-19 v1.6 Define keys (HO)
) (D:\MikTex\tex/generic/pdftexcmds\pdftexcmds.sty
Package: pdftexcmds 2020-06-27 v0.33 Utility functions of pdfTeX for LuaTeX (HO)
 (D:\MikTex\tex/generic/iftex\iftex.sty
Package: iftex 2022/02/03 v1.0f TeX engine tests
)
Package pdftexcmds Info: \pdf@primitive is available.
Package pdftexcmds Info: \pdf@ifprimitive is available.
Package pdftexcmds Info: \pdfdraftmode found.
) (D:\MikTex\tex/generic/etexcmds\etexcmds.sty
Package: etexcmds 2019/12/15 v1.7 Avoid name clashes with e-TeX commands (HO)
) (D:\MikTex\tex/latex/auxhook\auxhook.sty
Package: auxhook 2019-12-17 v1.6 Hooks for auxiliary files (HO)
)
Package zref Info: New property list: main on input line 767.
Package zref Info: New property: default on input line 768.
Package zref Info: New property: page on input line 769.
)
\c@abspage=\count301
Package zref Info: New property: abspage on input line 67.
) (D:\MikTex\tex/latex/needspace\needspace.sty
Package: needspace 2010/09/12 v1.3d reserve vertical space
)
\mdf@templength=\skip87
\c@mdf@globalstyle@cnt=\count302
\mdf@skipabove@length=\skip88
\mdf@skipbelow@length=\skip89
\mdf@leftmargin@length=\skip90
\mdf@rightmargin@length=\skip91
\mdf@innerleftmargin@length=\skip92
\mdf@innerrightmargin@length=\skip93
\mdf@innertopmargin@length=\skip94
\mdf@innerbottommargin@length=\skip95
\mdf@splittopskip@length=\skip96
\mdf@splitbottomskip@length=\skip97
\mdf@outermargin@length=\skip98
\mdf@innermargin@length=\skip99
\mdf@linewidth@length=\skip100
\mdf@innerlinewidth@length=\skip101
\mdf@middlelinewidth@length=\skip102
\mdf@outerlinewidth@length=\skip103
\mdf@roundcorner@length=\skip104
\mdf@footenotedistance@length=\skip105
\mdf@userdefinedwidth@length=\skip106
\mdf@needspace@length=\skip107
\mdf@frametitleaboveskip@length=\skip108
\mdf@frametitlebelowskip@length=\skip109
\mdf@frametitlerulewidth@length=\skip110
\mdf@frametitleleftmargin@length=\skip111
\mdf@frametitlerightmargin@length=\skip112
\mdf@shadowsize@length=\skip113
\mdf@extratopheight@length=\skip114
\mdf@subtitleabovelinewidth@length=\skip115
\mdf@subtitlebelowlinewidth@length=\skip116
\mdf@subtitleaboveskip@length=\skip117
\mdf@subtitlebelowskip@length=\skip118
\mdf@subtitleinneraboveskip@length=\skip119
\mdf@subtitleinnerbelowskip@length=\skip120
\mdf@subsubtitleabovelinewidth@length=\skip121
\mdf@subsubtitlebelowlinewidth@length=\skip122
\mdf@subsubtitleaboveskip@length=\skip123
\mdf@subsubtitlebelowskip@length=\skip124
\mdf@subsubtitleinneraboveskip@length=\skip125
\mdf@subsubtitleinnerbelowskip@length=\skip126
 (D:\MikTex\tex/latex/pgf/frontendlayer\tikz.sty (D:\MikTex\tex/latex/pgf/basiclayer\pgf.sty (D:\MikTex\tex/latex/pgf/utilities\pgfrcs.sty (D:\MikTex\tex/generic/pgf/utilities\pgfutil-common.tex
\pgfutil@everybye=\toks29
\pgfutil@tempdima=\dimen198
\pgfutil@tempdimb=\dimen199
) (D:\MikTex\tex/generic/pgf/utilities\pgfutil-latex.def
\pgfutil@abb=\box110
) (D:\MikTex\tex/generic/pgf/utilities\pgfrcs.code.tex (D:\MikTex\tex/generic/pgf\pgf.revision.tex)
Package: pgfrcs 2023-01-15 v3.1.10 (3.1.10)
))
Package: pgf 2023-01-15 v3.1.10 (3.1.10)
 (D:\MikTex\tex/latex/pgf/basiclayer\pgfcore.sty (D:\MikTex\tex/latex/pgf/systemlayer\pgfsys.sty (D:\MikTex\tex/generic/pgf/systemlayer\pgfsys.code.tex
Package: pgfsys 2023-01-15 v3.1.10 (3.1.10)
 (D:\MikTex\tex/generic/pgf/utilities\pgfkeys.code.tex
\pgfkeys@pathtoks=\toks30
\pgfkeys@temptoks=\toks31
 (D:\MikTex\tex/generic/pgf/utilities\pgfkeyslibraryfiltered.code.tex
\pgfkeys@tmptoks=\toks32
))
\pgf@x=\dimen256
\pgf@y=\dimen257
\pgf@xa=\dimen258
\pgf@ya=\dimen259
\pgf@xb=\dimen260
\pgf@yb=\dimen261
\pgf@xc=\dimen262
\pgf@yc=\dimen263
\pgf@xd=\dimen264
\pgf@yd=\dimen265
\w@pgf@writea=\write3
\r@pgf@reada=\read2
\c@pgf@counta=\count303
\c@pgf@countb=\count304
\c@pgf@countc=\count305
\c@pgf@countd=\count306
\t@pgf@toka=\toks33
\t@pgf@tokb=\toks34
\t@pgf@tokc=\toks35
\pgf@sys@id@count=\count307
 (D:\MikTex\tex/generic/pgf/systemlayer\pgf.cfg
File: pgf.cfg 2023-01-15 v3.1.10 (3.1.10)
)
Driver file for pgf: pgfsys-pdftex.def
 (D:\MikTex\tex/generic/pgf/systemlayer\pgfsys-pdftex.def
File: pgfsys-pdftex.def 2023-01-15 v3.1.10 (3.1.10)
 (D:\MikTex\tex/generic/pgf/systemlayer\pgfsys-common-pdf.def
File: pgfsys-common-pdf.def 2023-01-15 v3.1.10 (3.1.10)
))) (D:\MikTex\tex/generic/pgf/systemlayer\pgfsyssoftpath.code.tex
File: pgfsyssoftpath.code.tex 2023-01-15 v3.1.10 (3.1.10)
\pgfsyssoftpath@smallbuffer@items=\count308
\pgfsyssoftpath@bigbuffer@items=\count309
) (D:\MikTex\tex/generic/pgf/systemlayer\pgfsysprotocol.code.tex
File: pgfsysprotocol.code.tex 2023-01-15 v3.1.10 (3.1.10)
)) (D:\MikTex\tex/latex/xcolor\xcolor.sty
Package: xcolor 2023/11/15 v3.01 LaTeX color extensions (UK)
 (D:\MikTex\tex/latex/graphics-cfg\color.cfg
File: color.cfg 2016/01/02 v1.6 sample color configuration
)
Package xcolor Info: Driver file: pdftex.def on input line 274.
LaTeX Info: Redefining \color on input line 758.
 (D:\MikTex\tex/latex/graphics\mathcolor.ltx)
Package xcolor Info: Model `cmy' substituted by `cmy0' on input line 1350.
Package xcolor Info: Model `hsb' substituted by `rgb' on input line 1354.
Package xcolor Info: Model `RGB' extended on input line 1366.
Package xcolor Info: Model `HTML' substituted by `rgb' on input line 1368.
Package xcolor Info: Model `Hsb' substituted by `hsb' on input line 1369.
Package xcolor Info: Model `tHsb' substituted by `hsb' on input line 1370.
Package xcolor Info: Model `HSB' substituted by `hsb' on input line 1371.
Package xcolor Info: Model `Gray' substituted by `gray' on input line 1372.
Package xcolor Info: Model `wave' substituted by `hsb' on input line 1373.
) (D:\MikTex\tex/generic/pgf/basiclayer\pgfcore.code.tex
Package: pgfcore 2023-01-15 v3.1.10 (3.1.10)
 (D:\MikTex\tex/generic/pgf/math\pgfmath.code.tex (D:\MikTex\tex/generic/pgf/math\pgfmathutil.code.tex) (D:\MikTex\tex/generic/pgf/math\pgfmathparser.code.tex
\pgfmath@dimen=\dimen266
\pgfmath@count=\count310
\pgfmath@box=\box111
\pgfmath@toks=\toks36
\pgfmath@stack@operand=\toks37
\pgfmath@stack@operation=\toks38
) (D:\MikTex\tex/generic/pgf/math\pgfmathfunctions.code.tex) (D:\MikTex\tex/generic/pgf/math\pgfmathfunctions.basic.code.tex) (D:\MikTex\tex/generic/pgf/math\pgfmathfunctions.trigonometric.code.tex) (D:\MikTex\tex/generic/pgf/math\pgfmathfunctions.random.code.tex) (D:\MikTex\tex/generic/pgf/math\pgfmathfunctions.comparison.code.tex) (D:\MikTex\tex/generic/pgf/math\pgfmathfunctions.base.code.tex) (D:\MikTex\tex/generic/pgf/math\pgfmathfunctions.round.code.tex) (D:\MikTex\tex/generic/pgf/math\pgfmathfunctions.misc.code.tex) (D:\MikTex\tex/generic/pgf/math\pgfmathfunctions.integerarithmetics.code.tex) (D:\MikTex\tex/generic/pgf/math\pgfmathcalc.code.tex) (D:\MikTex\tex/generic/pgf/math\pgfmathfloat.code.tex
\c@pgfmathroundto@lastzeros=\count311
)) (D:\MikTex\tex/generic/pgf/math\pgfint.code.tex) (D:\MikTex\tex/generic/pgf/basiclayer\pgfcorepoints.code.tex
File: pgfcorepoints.code.tex 2023-01-15 v3.1.10 (3.1.10)
\pgf@picminx=\dimen267
\pgf@picmaxx=\dimen268
\pgf@picminy=\dimen269
\pgf@picmaxy=\dimen270
\pgf@pathminx=\dimen271
\pgf@pathmaxx=\dimen272
\pgf@pathminy=\dimen273
\pgf@pathmaxy=\dimen274
\pgf@xx=\dimen275
\pgf@xy=\dimen276
\pgf@yx=\dimen277
\pgf@yy=\dimen278
\pgf@zx=\dimen279
\pgf@zy=\dimen280
) (D:\MikTex\tex/generic/pgf/basiclayer\pgfcorepathconstruct.code.tex
File: pgfcorepathconstruct.code.tex 2023-01-15 v3.1.10 (3.1.10)
\pgf@path@lastx=\dimen281
\pgf@path@lasty=\dimen282
) (D:\MikTex\tex/generic/pgf/basiclayer\pgfcorepathusage.code.tex
File: pgfcorepathusage.code.tex 2023-01-15 v3.1.10 (3.1.10)
\pgf@shorten@end@additional=\dimen283
\pgf@shorten@start@additional=\dimen284
) (D:\MikTex\tex/generic/pgf/basiclayer\pgfcorescopes.code.tex
File: pgfcorescopes.code.tex 2023-01-15 v3.1.10 (3.1.10)
\pgfpic=\box112
\pgf@hbox=\box113
\pgf@layerbox@main=\box114
\pgf@picture@serial@count=\count312
) (D:\MikTex\tex/generic/pgf/basiclayer\pgfcoregraphicstate.code.tex
File: pgfcoregraphicstate.code.tex 2023-01-15 v3.1.10 (3.1.10)
\pgflinewidth=\dimen285
) (D:\MikTex\tex/generic/pgf/basiclayer\pgfcoretransformations.code.tex
File: pgfcoretransformations.code.tex 2023-01-15 v3.1.10 (3.1.10)
\pgf@pt@x=\dimen286
\pgf@pt@y=\dimen287
\pgf@pt@temp=\dimen288
) (D:\MikTex\tex/generic/pgf/basiclayer\pgfcorequick.code.tex
File: pgfcorequick.code.tex 2023-01-15 v3.1.10 (3.1.10)
) (D:\MikTex\tex/generic/pgf/basiclayer\pgfcoreobjects.code.tex
File: pgfcoreobjects.code.tex 2023-01-15 v3.1.10 (3.1.10)
) (D:\MikTex\tex/generic/pgf/basiclayer\pgfcorepathprocessing.code.tex
File: pgfcorepathprocessing.code.tex 2023-01-15 v3.1.10 (3.1.10)
) (D:\MikTex\tex/generic/pgf/basiclayer\pgfcorearrows.code.tex
File: pgfcorearrows.code.tex 2023-01-15 v3.1.10 (3.1.10)
\pgfarrowsep=\dimen289
) (D:\MikTex\tex/generic/pgf/basiclayer\pgfcoreshade.code.tex
File: pgfcoreshade.code.tex 2023-01-15 v3.1.10 (3.1.10)
\pgf@max=\dimen290
\pgf@sys@shading@range@num=\count313
\pgf@shadingcount=\count314
) (D:\MikTex\tex/generic/pgf/basiclayer\pgfcoreimage.code.tex
File: pgfcoreimage.code.tex 2023-01-15 v3.1.10 (3.1.10)
) (D:\MikTex\tex/generic/pgf/basiclayer\pgfcoreexternal.code.tex
File: pgfcoreexternal.code.tex 2023-01-15 v3.1.10 (3.1.10)
\pgfexternal@startupbox=\box115
) (D:\MikTex\tex/generic/pgf/basiclayer\pgfcorelayers.code.tex
File: pgfcorelayers.code.tex 2023-01-15 v3.1.10 (3.1.10)
) (D:\MikTex\tex/generic/pgf/basiclayer\pgfcoretransparency.code.tex
File: pgfcoretransparency.code.tex 2023-01-15 v3.1.10 (3.1.10)
) (D:\MikTex\tex/generic/pgf/basiclayer\pgfcorepatterns.code.tex
File: pgfcorepatterns.code.tex 2023-01-15 v3.1.10 (3.1.10)
) (D:\MikTex\tex/generic/pgf/basiclayer\pgfcorerdf.code.tex
File: pgfcorerdf.code.tex 2023-01-15 v3.1.10 (3.1.10)
))) (D:\MikTex\tex/generic/pgf/modules\pgfmoduleshapes.code.tex
File: pgfmoduleshapes.code.tex 2023-01-15 v3.1.10 (3.1.10)
\pgfnodeparttextbox=\box116
) (D:\MikTex\tex/generic/pgf/modules\pgfmoduleplot.code.tex
File: pgfmoduleplot.code.tex 2023-01-15 v3.1.10 (3.1.10)
) (D:\MikTex\tex/latex/pgf/compatibility\pgfcomp-version-0-65.sty
Package: pgfcomp-version-0-65 2023-01-15 v3.1.10 (3.1.10)
\pgf@nodesepstart=\dimen291
\pgf@nodesepend=\dimen292
) (D:\MikTex\tex/latex/pgf/compatibility\pgfcomp-version-1-18.sty
Package: pgfcomp-version-1-18 2023-01-15 v3.1.10 (3.1.10)
)) (D:\MikTex\tex/latex/pgf/utilities\pgffor.sty (D:\MikTex\tex/latex/pgf/utilities\pgfkeys.sty (D:\MikTex\tex/generic/pgf/utilities\pgfkeys.code.tex)) (D:\MikTex\tex/latex/pgf/math\pgfmath.sty (D:\MikTex\tex/generic/pgf/math\pgfmath.code.tex)) (D:\MikTex\tex/generic/pgf/utilities\pgffor.code.tex
Package: pgffor 2023-01-15 v3.1.10 (3.1.10)
\pgffor@iter=\dimen293
\pgffor@skip=\dimen294
\pgffor@stack=\toks39
\pgffor@toks=\toks40
)) (D:\MikTex\tex/generic/pgf/frontendlayer/tikz\tikz.code.tex
Package: tikz 2023-01-15 v3.1.10 (3.1.10)
 (D:\MikTex\tex/generic/pgf/libraries\pgflibraryplothandlers.code.tex
File: pgflibraryplothandlers.code.tex 2023-01-15 v3.1.10 (3.1.10)
\pgf@plot@mark@count=\count315
\pgfplotmarksize=\dimen295
)
\tikz@lastx=\dimen296
\tikz@lasty=\dimen297
\tikz@lastxsaved=\dimen298
\tikz@lastysaved=\dimen299
\tikz@lastmovetox=\dimen300
\tikz@lastmovetoy=\dimen301
\tikzleveldistance=\dimen302
\tikzsiblingdistance=\dimen303
\tikz@figbox=\box117
\tikz@figbox@bg=\box118
\tikz@tempbox=\box119
\tikz@tempbox@bg=\box120
\tikztreelevel=\count316
\tikznumberofchildren=\count317
\tikznumberofcurrentchild=\count318
\tikz@fig@count=\count319
 (D:\MikTex\tex/generic/pgf/modules\pgfmodulematrix.code.tex
File: pgfmodulematrix.code.tex 2023-01-15 v3.1.10 (3.1.10)
\pgfmatrixcurrentrow=\count320
\pgfmatrixcurrentcolumn=\count321
\pgf@matrix@numberofcolumns=\count322
)
\tikz@expandcount=\count323
 (D:\MikTex\tex/generic/pgf/frontendlayer/tikz/libraries\tikzlibrarytopaths.code.tex
File: tikzlibrarytopaths.code.tex 2023-01-15 v3.1.10 (3.1.10)
))) (D:\MikTex\tex/latex/mdframed\md-frame-1.mdf
File: md-frame-1.mdf 2013/07/01\ 1.9b: md-frame-1
)
\mdf@frametitlebox=\box121
\mdf@footnotebox=\box122
\mdf@splitbox@one=\box123
\mdf@splitbox@two=\box124
\mdf@splitbox@save=\box125
\mdfsplitboxwidth=\skip127
\mdfsplitboxtotalwidth=\skip128
\mdfsplitboxheight=\skip129
\mdfsplitboxdepth=\skip130
\mdfsplitboxtotalheight=\skip131
\mdfframetitleboxwidth=\skip132
\mdfframetitleboxtotalwidth=\skip133
\mdfframetitleboxheight=\skip134
\mdfframetitleboxdepth=\skip135
\mdfframetitleboxtotalheight=\skip136
\mdffootnoteboxwidth=\skip137
\mdffootnoteboxtotalwidth=\skip138
\mdffootnoteboxheight=\skip139
\mdffootnoteboxdepth=\skip140
\mdffootnoteboxtotalheight=\skip141
\mdftotallinewidth=\skip142
\mdfboundingboxwidth=\skip143
\mdfboundingboxtotalwidth=\skip144
\mdfboundingboxheight=\skip145
\mdfboundingboxdepth=\skip146
\mdfboundingboxtotalheight=\skip147
\mdf@freevspace@length=\skip148
\mdf@horizontalwidthofbox@length=\skip149
\mdf@verticalmarginwhole@length=\skip150
\mdf@horizontalspaceofbox=\skip151
\mdfsubtitleheight=\skip152
\mdfsubsubtitleheight=\skip153
\c@mdfcountframes=\count324

****** mdframed patching \endmdf@trivlist

****** -- success******

\mdf@envdepth=\count325
\c@mdf@env@i=\count326
\c@mdf@env@ii=\count327
\c@mdf@zref@counter=\count328
Package zref Info: New property: mdf@pagevalue on input line 895.
) (D:\MikTex\tex/latex/graphics\rotating.sty
Package: rotating 2016/08/11 v2.16d rotated objects in LaTeX
\c@r@tfl@t=\count329
\rotFPtop=\skip154
\rotFPbot=\skip155
\rot@float@box=\box126
\rot@mess@toks=\toks41
) (D:\MikTex\tex/latex/geometry\geometry.sty
Package: geometry 2020/01/02 v5.9 Page Geometry
 (D:\MikTex\tex/generic/iftex\ifvtex.sty
Package: ifvtex 2019/10/25 v1.7 ifvtex legacy package. Use iftex instead.
)
\Gm@cnth=\count330
\Gm@cntv=\count331
\c@Gm@tempcnt=\count332
\Gm@bindingoffset=\dimen304
\Gm@wd@mp=\dimen305
\Gm@odd@mp=\dimen306
\Gm@even@mp=\dimen307
\Gm@layoutwidth=\dimen308
\Gm@layoutheight=\dimen309
\Gm@layouthoffset=\dimen310
\Gm@layoutvoffset=\dimen311
\Gm@dimlist=\toks42
 (D:\MikTex\tex/latex/geometry\geometry.cfg)) (D:\MikTex\tex/latex/setspace\setspace.sty
Package: setspace 2022/12/04 v6.7b set line spacing
) (D:\MikTex\tex/latex/listings\listings.sty
\lst@mode=\count333
\lst@gtempboxa=\box127
\lst@token=\toks43
\lst@length=\count334
\lst@currlwidth=\dimen312
\lst@column=\count335
\lst@pos=\count336
\lst@lostspace=\dimen313
\lst@width=\dimen314
\lst@newlines=\count337
\lst@lineno=\count338
\lst@maxwidth=\dimen315
 (D:\MikTex\tex/latex/listings\lstpatch.sty
File: lstpatch.sty 2024/03/11 1.10a (Carsten Heinz)
) (D:\MikTex\tex/latex/listings\lstmisc.sty
File: lstmisc.sty 2024/03/11 1.10a (Carsten Heinz)
\c@lstnumber=\count339
\lst@skipnumbers=\count340
\lst@framebox=\box128
) (D:\MikTex\tex/latex/listings\listings.cfg
File: listings.cfg 2024/03/11 1.10a listings configuration
))
Package: listings 2024/03/11 1.10a (Carsten Heinz)
 (D:\MikTex\tex/generic/pgf/frontendlayer/tikz/libraries\tikzlibraryarrows.code.tex
File: tikzlibraryarrows.code.tex 2023-01-15 v3.1.10 (3.1.10)
 (D:\MikTex\tex/generic/pgf/libraries\pgflibraryarrows.code.tex
File: pgflibraryarrows.code.tex 2023-01-15 v3.1.10 (3.1.10)
\arrowsize=\dimen316
)) (D:\MikTex\tex/generic/pgf/frontendlayer/tikz/libraries\tikzlibrarysnakes.code.tex
File: tikzlibrarysnakes.code.tex 2023-01-15 v3.1.10 (3.1.10)


Package pgf Warning: Snakes have been superseded by decorations. Please use the decoration libraries instead of the snakes library on input line 14.

(D:\MikTex\tex/generic/pgf/frontendlayer/tikz/libraries\tikzlibrarydecorations.pathmorphing.code.tex (D:\MikTex\tex/generic/pgf/frontendlayer/tikz/libraries\tikzlibrarydecorations.code.tex (D:\MikTex\tex/generic/pgf/modules\pgfmoduledecorations.code.tex
\pgfdecoratedcompleteddistance=\dimen317
\pgfdecoratedremainingdistance=\dimen318
\pgfdecoratedinputsegmentcompleteddistance=\dimen319
\pgfdecoratedinputsegmentremainingdistance=\dimen320
\pgf@decorate@distancetomove=\dimen321
\pgf@decorate@repeatstate=\count341
\pgfdecorationsegmentamplitude=\dimen322
\pgfdecorationsegmentlength=\dimen323
)
\tikz@lib@dec@box=\box129
) (D:\MikTex\tex/generic/pgf/libraries/decorations\pgflibrarydecorations.pathmorphing.code.tex)) (D:\MikTex\tex/generic/pgf/frontendlayer/tikz/libraries\tikzlibrarydecorations.pathreplacing.code.tex (D:\MikTex\tex/generic/pgf/libraries/decorations\pgflibrarydecorations.pathreplacing.code.tex)) (D:\MikTex\tex/generic/pgf/frontendlayer/tikz/libraries\tikzlibrarydecorations.shapes.code.tex (D:\MikTex\tex/generic/pgf/libraries/decorations\pgflibrarydecorations.shapes.code.tex))) (D:\MikTex\tex/generic/pgf/frontendlayer/tikz/libraries\tikzlibrarybackgrounds.code.tex
File: tikzlibrarybackgrounds.code.tex 2023-01-15 v3.1.10 (3.1.10)
\pgf@layerbox@background=\box130
\pgf@layerboxsaved@background=\box131
) (D:\MikTex\tex/latex/hyperref\hyperref.sty
Package: hyperref 2024-01-20 v7.01h Hypertext links for LaTeX
 (D:\MikTex\tex/generic/pdfescape\pdfescape.sty
Package: pdfescape 2019/12/09 v1.15 Implements pdfTeX's escape features (HO)
) (D:\MikTex\tex/latex/hycolor\hycolor.sty
Package: hycolor 2020-01-27 v1.10 Color options for hyperref/bookmark (HO)
) (D:\MikTex\tex/latex/hyperref\nameref.sty
Package: nameref 2023-11-26 v2.56 Cross-referencing by name of section
 (D:\MikTex\tex/latex/refcount\refcount.sty
Package: refcount 2019/12/15 v3.6 Data extraction from label references (HO)
) (D:\MikTex\tex/generic/gettitlestring\gettitlestring.sty
Package: gettitlestring 2019/12/15 v1.6 Cleanup title references (HO)
)
\c@section@level=\count342
)
\@linkdim=\dimen324
\Hy@linkcounter=\count343
\Hy@pagecounter=\count344
 (D:\MikTex\tex/latex/hyperref\pd1enc.def
File: pd1enc.def 2024-01-20 v7.01h Hyperref: PDFDocEncoding definition (HO)
Now handling font encoding PD1 ...
... no UTF-8 mapping file for font encoding PD1
) (D:\MikTex\tex/generic/intcalc\intcalc.sty
Package: intcalc 2019/12/15 v1.3 Expandable calculations with integers (HO)
)
\Hy@SavedSpaceFactor=\count345
 (D:\MikTex\tex/latex/hyperref\puenc.def
File: puenc.def 2024-01-20 v7.01h Hyperref: PDF Unicode definition (HO)
Now handling font encoding PU ...
... no UTF-8 mapping file for font encoding PU
)
Package hyperref Info: Hyper figures OFF on input line 4179.
Package hyperref Info: Link nesting OFF on input line 4184.
Package hyperref Info: Hyper index ON on input line 4187.
Package hyperref Info: Plain pages OFF on input line 4194.
Package hyperref Info: Backreferencing OFF on input line 4199.
Package hyperref Info: Implicit mode ON; LaTeX internals redefined.
Package hyperref Info: Bookmarks ON on input line 4446.
\c@Hy@tempcnt=\count346
 (D:\MikTex\tex/latex/url\url.sty
\Urlmuskip=\muskip17
Package: url 2013/09/16  ver 3.4  Verb mode for urls, etc.
)
LaTeX Info: Redefining \url on input line 4784.
\XeTeXLinkMargin=\dimen325
 (D:\MikTex\tex/generic/bitset\bitset.sty
Package: bitset 2019/12/09 v1.3 Handle bit-vector datatype (HO)
 (D:\MikTex\tex/generic/bigintcalc\bigintcalc.sty
Package: bigintcalc 2019/12/15 v1.5 Expandable calculations on big integers (HO)
))
\Fld@menulength=\count347
\Field@Width=\dimen326
\Fld@charsize=\dimen327
Package hyperref Info: Hyper figures OFF on input line 6063.
Package hyperref Info: Link nesting OFF on input line 6068.
Package hyperref Info: Hyper index ON on input line 6071.
Package hyperref Info: backreferencing OFF on input line 6078.
Package hyperref Info: Link coloring OFF on input line 6083.
Package hyperref Info: Link coloring with OCG OFF on input line 6088.
Package hyperref Info: PDF/A mode OFF on input line 6093.
 (D:\MikTex\tex/latex/base\atbegshi-ltx.sty
Package: atbegshi-ltx 2021/01/10 v1.0c Emulation of the original atbegshi
package with kernel methods
)
\Hy@abspage=\count348
\c@Item=\count349
\c@Hfootnote=\count350
)
Package hyperref Info: Driver (autodetected): hpdftex.
 (D:\MikTex\tex/latex/hyperref\hpdftex.def
File: hpdftex.def 2024-01-20 v7.01h Hyperref driver for pdfTeX
 (D:\MikTex\tex/latex/base\atveryend-ltx.sty
Package: atveryend-ltx 2020/08/19 v1.0a Emulation of the original atveryend package
with kernel methods
)
\HyAnn@Count=\count351
\Fld@listcount=\count352
\c@bookmark@seq@number=\count353
 (D:\MikTex\tex/latex/rerunfilecheck\rerunfilecheck.sty
Package: rerunfilecheck 2022-07-10 v1.10 Rerun checks for auxiliary files (HO)
 (D:\MikTex\tex/generic/uniquecounter\uniquecounter.sty
Package: uniquecounter 2019/12/15 v1.4 Provide unlimited unique counter (HO)
)
Package uniquecounter Info: New unique counter `rerunfilecheck' on input line 285.
)
\Hy@SectionHShift=\skip156
)
Package hyperref Info: Option `colorlinks' set `true' on input line 25.
\c@theorem=\count354
\c@property=\count355
\c@proposition=\count356
\c@subsubsubsection=\count357
 (D:\MikTex\tex/latex/listings\lstlang1.sty
File: lstlang1.sty 2024/03/11 1.10a listings language file
) (report.aux)
\openout1 = `report.aux'.

LaTeX Font Info:    Checking defaults for OML/cmm/m/it on input line 104.
LaTeX Font Info:    ... okay on input line 104.
LaTeX Font Info:    Checking defaults for OMS/cmsy/m/n on input line 104.
LaTeX Font Info:    ... okay on input line 104.
LaTeX Font Info:    Checking defaults for OT1/cmr/m/n on input line 104.
LaTeX Font Info:    ... okay on input line 104.
LaTeX Font Info:    Checking defaults for T1/cmr/m/n on input line 104.
LaTeX Font Info:    ... okay on input line 104.
LaTeX Font Info:    Checking defaults for TS1/cmr/m/n on input line 104.
LaTeX Font Info:    ... okay on input line 104.
LaTeX Font Info:    Checking defaults for OMX/cmex/m/n on input line 104.
LaTeX Font Info:    ... okay on input line 104.
LaTeX Font Info:    Checking defaults for U/cmr/m/n on input line 104.
LaTeX Font Info:    ... okay on input line 104.
LaTeX Font Info:    Checking defaults for T5/cmr/m/n on input line 104.
LaTeX Font Info:    ... okay on input line 104.
LaTeX Font Info:    Checking defaults for PD1/pdf/m/n on input line 104.
LaTeX Font Info:    ... okay on input line 104.
LaTeX Font Info:    Checking defaults for PU/pdf/m/n on input line 104.
LaTeX Font Info:    ... okay on input line 104.
 (D:\MikTex\tex/context/base/mkii\supp-pdf.mkii
[Loading MPS to PDF converter (version 2006.09.02).]
\scratchcounter=\count358
\scratchdimen=\dimen328
\scratchbox=\box132
\nofMPsegments=\count359
\nofMParguments=\count360
\everyMPshowfont=\toks44
\MPscratchCnt=\count361
\MPscratchDim=\dimen329
\MPnumerator=\count362
\makeMPintoPDFobject=\count363
\everyMPtoPDFconversion=\toks45
) (D:\MikTex\tex/latex/epstopdf-pkg\epstopdf-base.sty
Package: epstopdf-base 2020-01-24 v2.11 Base part for package epstopdf
Package epstopdf-base Info: Redefining graphics rule for `.eps' on input line 485.
 (D:\MikTex\tex/latex/00miktex\epstopdf-sys.cfg
File: epstopdf-sys.cfg 2021/03/18 v2.0 Configuration of epstopdf for MiKTeX
))
Package caption Info: Begin \AtBeginDocument code.
Package caption Info: hyperref package is loaded.
Package caption Info: listings package is loaded.
Package caption Info: rotating package is loaded.
Package caption Info: End \AtBeginDocument code.

*geometry* driver: auto-detecting
*geometry* detected driver: pdftex
*geometry* verbose mode - [ preamble ] result:
* driver: pdftex
* paper: a4paper
* layout: <same size as paper>
* layoutoffset:(h,v)=(0.0pt,0.0pt)
* modes: 
* h-part:(L,W,R)=(89.62709pt, 418.25368pt, 89.6271pt)
* v-part:(T,H,B)=(101.40665pt, 591.5302pt, 152.11pt)
* \paperwidth=597.50787pt
* \paperheight=845.04684pt
* \textwidth=418.25368pt
* \textheight=591.5302pt
* \oddsidemargin=17.3571pt
* \evensidemargin=17.3571pt
* \topmargin=-7.86334pt
* \headheight=40.0pt
* \headsep=25.0pt
* \topskip=10.0pt
* \footskip=30.0pt
* \marginparwidth=54.2025pt
* \marginparsep=11.0pt
* \columnsep=10.0pt
* \skip\footins=9.0pt plus 4.0pt minus 2.0pt
* \hoffset=0.0pt
* \voffset=0.0pt
* \mag=1000
* \@twocolumnfalse
* \@twosidefalse
* \@mparswitchfalse
* \@reversemarginfalse
* (1in=72.27pt=25.4mm, 1cm=28.453pt)

\c@lstlisting=\count364
Package hyperref Info: Link coloring ON on input line 104.
(report.out) (report.out)
\@outlinefile=\write4
\openout4 = `report.out'.

<images/logoITSGU.png, id=122, 803.0pt x 803.0pt>
File: images/logoITSGU.png Graphic file (type png)
<use images/logoITSGU.png>
Package pdftex.def Info: images/logoITSGU.png  used on input line 115.
(pdftex.def)             Requested size: 85.35826pt x 85.35284pt.
LaTeX Font Info:    Trying to load font information for U+msa on input line 123.
 (D:\MikTex\tex/latex/amsfonts\umsa.fd
File: umsa.fd 2013/01/14 v3.01 AMS symbols A
)
LaTeX Font Info:    Trying to load font information for U+msb on input line 123.
 (D:\MikTex\tex/latex/amsfonts\umsb.fd
File: umsb.fd 2013/01/14 v3.01 AMS symbols B
)
LaTeX Font Info:    Trying to load font information for U+lasy on input line 123.
 (D:\MikTex\tex/latex/base\ulasy.fd
File: ulasy.fd 1998/08/17 v2.2e LaTeX symbol font definitions
) [1

{C:/Users/Admin/AppData/Local/MiKTeX/fonts/map/pdftex/pdftex.map} <./images/logoITSGU.png (PNG copy)>]
pdfTeX warning (ext4): destination with the same identifier (name{page.1}) has been already used, duplicate ignored
<to be read again> 
                   \relax 
l.246 \newpage
               [1]
<images/logoITSGUsmall.png, id=137, 803.0pt x 803.0pt>
File: images/logoITSGUsmall.png Graphic file (type png)
<use images/logoITSGUsmall.png>
Package pdftex.def Info: images/logoITSGUsmall.png  used on input line 259.
(pdftex.def)             Requested size: 22.7534pt x 22.7534pt.
LaTeX Font Info:    Trying to load font information for T5+cmtt on input line 259.
 (D:\MikTex\tex/latex/vntex\t5cmtt.fd
File: t5cmtt.fd 1999/05/25 v2.5h Standard LaTeX font definitions
)
LaTeX Font Info:    Font shape `T5/cmtt/bx/n' in size <10> not available
(Font)              Font shape `T5/cmtt/m/n' tried instead on input line 259.
 [2 <./images/logoITSGUsmall.png>] (report.toc)
\tf@toc=\write5
\openout5 = `report.toc'.

File: images/logoITSGUsmall.png Graphic file (type png)
<use images/logoITSGUsmall.png>
Package pdftex.def Info: images/logoITSGUsmall.png  used on input line 261.
(pdftex.def)             Requested size: 22.7534pt x 22.7534pt.
 [3]
File: images/logoITSGUsmall.png Graphic file (type png)
<use images/logoITSGUsmall.png>
Package pdftex.def Info: images/logoITSGUsmall.png  used on input line 384.
(pdftex.def)             Requested size: 22.7534pt x 22.7534pt.
 [4]
File: images/logoITSGUsmall.png Graphic file (type png)
<use images/logoITSGUsmall.png>
Package pdftex.def Info: images/logoITSGUsmall.png  used on input line 419.
(pdftex.def)             Requested size: 22.7534pt x 22.7534pt.
 [5]
File: images/logoITSGUsmall.png Graphic file (type png)
<use images/logoITSGUsmall.png>
Package pdftex.def Info: images/logoITSGUsmall.png  used on input line 419.
(pdftex.def)             Requested size: 22.7534pt x 22.7534pt.
 [6]

LaTeX Warning: `h' float specifier changed to `ht'.

File: images/logoITSGUsmall.png Graphic file (type png)
<use images/logoITSGUsmall.png>
Package pdftex.def Info: images/logoITSGUsmall.png  used on input line 445.
(pdftex.def)             Requested size: 22.7534pt x 22.7534pt.
[7]
<images/Hình2-Libary.png, id=209, 538.26094pt x 156.585pt>
File: images/Hình2-Libary.png Graphic file (type png)
<use images/Hình2-Libary.png>
Package pdftex.def Info: images/Hình2-Libary.png  used on input line 459.
(pdftex.def)             Requested size: 418.25368pt x 121.67467pt.
<images/Hình3-Libary.png, id=210, 485.56406pt x 32.37094pt>
File: images/Hình3-Libary.png Graphic file (type png)
<use images/Hình3-Libary.png>
Package pdftex.def Info: images/Hình3-Libary.png  used on input line 464.
(pdftex.def)             Requested size: 418.25368pt x 27.88339pt.
<images/Hình4-Libary.png, id=211, 1000.73875pt x 111.41624pt>
File: images/Hình4-Libary.png Graphic file (type png)
<use images/Hình4-Libary.png>
Package pdftex.def Info: images/Hình4-Libary.png  used on input line 474.
(pdftex.def)             Requested size: 418.25368pt x 46.56499pt.
<images/Hình5-Libary.png, id=212, 292.09125pt x 50.1875pt>
File: images/Hình5-Libary.png Graphic file (type png)
<use images/Hình5-Libary.png>
Package pdftex.def Info: images/Hình5-Libary.png  used on input line 475.
(pdftex.def)             Requested size: 292.09052pt x 50.18736pt.
File: images/logoITSGUsmall.png Graphic file (type png)
<use images/logoITSGUsmall.png>
Package pdftex.def Info: images/logoITSGUsmall.png  used on input line 479.
(pdftex.def)             Requested size: 22.7534pt x 22.7534pt.
 [8

 <./images/Hình2-Libary.png> <./images/Hình3-Libary.png> <./images/Hình4-Libary.png> <./images/Hình5-Libary.png>]
<images/Hình4-DB.png, id=225, 761.84625pt x 295.1025pt>
File: images/Hình4-DB.png Graphic file (type png)
<use images/Hình4-DB.png>
Package pdftex.def Info: images/Hình4-DB.png  used on input line 489.
(pdftex.def)             Requested size: 418.25368pt x 162.00967pt.
<images/Hình7-ConnectDB.png, id=226, 401.24907pt x 333.49594pt>
File: images/Hình7-ConnectDB.png Graphic file (type png)
<use images/Hình7-ConnectDB.png>
Package pdftex.def Info: images/Hình7-ConnectDB.png  used on input line 499.
(pdftex.def)             Requested size: 418.25368pt x 347.65196pt.
File: images/logoITSGUsmall.png Graphic file (type png)
<use images/logoITSGUsmall.png>
Package pdftex.def Info: images/logoITSGUsmall.png  used on input line 517.
(pdftex.def)             Requested size: 22.7534pt x 22.7534pt.
 [9 <./images/Hình4-DB.png>]
File: images/logoITSGUsmall.png Graphic file (type png)
<use images/logoITSGUsmall.png>
Package pdftex.def Info: images/logoITSGUsmall.png  used on input line 517.
(pdftex.def)             Requested size: 22.7534pt x 22.7534pt.
 [10 <./images/Hình7-ConnectDB.png>]
<images/Hình8-Architecture.png, id=241, 149.05687pt x 200.24812pt>
File: images/Hình8-Architecture.png Graphic file (type png)
<use images/Hình8-Architecture.png>
Package pdftex.def Info: images/Hình8-Architecture.png  used on input line 525.
(pdftex.def)             Requested size: 149.0565pt x 200.24763pt.
<images/AlbumDTO.png, id=242, 584.1825pt x 181.67876pt>
File: images/AlbumDTO.png Graphic file (type png)
<use images/AlbumDTO.png>
Package pdftex.def Info: images/AlbumDTO.png  used on input line 535.
(pdftex.def)             Requested size: 418.25368pt x 130.0795pt.
<images/ArtistDTO.png, id=243, 390.45876pt x 143.53625pt>
File: images/ArtistDTO.png Graphic file (type png)
<use images/ArtistDTO.png>
Package pdftex.def Info: images/ArtistDTO.png  used on input line 540.
(pdftex.def)             Requested size: 418.25368pt x 153.76186pt.
<images/PlayListDetailDTO.png, id=244, 430.60875pt x 144.54pt>
File: images/PlayListDetailDTO.png Graphic file (type png)
<use images/PlayListDetailDTO.png>
Package pdftex.def Info: images/PlayListDetailDTO.png  used on input line 541.
(pdftex.def)             Requested size: 418.25368pt x 140.3955pt.
<images/PlayListDTO.png, id=245, 603.25375pt x 161.60374pt>
File: images/PlayListDTO.png Graphic file (type png)
<use images/PlayListDTO.png>
Package pdftex.def Info: images/PlayListDTO.png  used on input line 542.
(pdftex.def)             Requested size: 418.25368pt x 112.04425pt.
<images/TrackDTO.png, id=246, 669.50125pt x 201.75375pt>
File: images/TrackDTO.png Graphic file (type png)
<use images/TrackDTO.png>
Package pdftex.def Info: images/TrackDTO.png  used on input line 543.
(pdftex.def)             Requested size: 418.25368pt x 126.04344pt.


LaTeX Warning: `h' float specifier changed to `ht'.

File: images/logoITSGUsmall.png Graphic file (type png)
<use images/logoITSGUsmall.png>
Package pdftex.def Info: images/logoITSGUsmall.png  used on input line 546.
(pdftex.def)             Requested size: 22.7534pt x 22.7534pt.
[11

 <./images/Hình8-Architecture.png> <./images/AlbumDTO.png>]
File: images/logoITSGUsmall.png Graphic file (type png)
<use images/logoITSGUsmall.png>
Package pdftex.def Info: images/logoITSGUsmall.png  used on input line 546.
(pdftex.def)             Requested size: 22.7534pt x 22.7534pt.
 [12 <./images/ArtistDTO.png> <./images/PlayListDetailDTO.png> <./images/PlayListDTO.png> <./images/TrackDTO.png>]
<images/UserDTO.png, id=267, 484.81125pt x 145.54375pt>
File: images/UserDTO.png Graphic file (type png)
<use images/UserDTO.png>
Package pdftex.def Info: images/UserDTO.png  used on input line 551.
(pdftex.def)             Requested size: 418.25368pt x 125.56935pt.
<images/PlaylistDAL-1.png, id=268, 951.555pt x 898.35625pt>
File: images/PlaylistDAL-1.png Graphic file (type png)
<use images/PlaylistDAL-1.png>
Package pdftex.def Info: images/PlaylistDAL-1.png  used on input line 558.
(pdftex.def)             Requested size: 418.25368pt x 394.86673pt.


LaTeX Warning: `h' float specifier changed to `ht'.

File: images/logoITSGUsmall.png Graphic file (type png)
<use images/logoITSGUsmall.png>
Package pdftex.def Info: images/logoITSGUsmall.png  used on input line 560.
(pdftex.def)             Requested size: 22.7534pt x 22.7534pt.
[13

 <./images/UserDTO.png>]
File: images/logoITSGUsmall.png Graphic file (type png)
<use images/logoITSGUsmall.png>
Package pdftex.def Info: images/logoITSGUsmall.png  used on input line 560.
(pdftex.def)             Requested size: 22.7534pt x 22.7534pt.
 [14 <./images/PlaylistDAL-1.png>]
<images/PlaylistDAL-2.png, id=283, 979.66pt x 540.0175pt>
File: images/PlaylistDAL-2.png Graphic file (type png)
<use images/PlaylistDAL-2.png>
Package pdftex.def Info: images/PlaylistDAL-2.png  used on input line 564.
(pdftex.def)             Requested size: 418.25368pt x 230.54675pt.
File: images/logoITSGUsmall.png Graphic file (type png)
<use images/logoITSGUsmall.png>
Package pdftex.def Info: images/logoITSGUsmall.png  used on input line 602.
(pdftex.def)             Requested size: 22.7534pt x 22.7534pt.
 [15

 <./images/PlaylistDAL-2.png>]
File: images/logoITSGUsmall.png Graphic file (type png)
<use images/logoITSGUsmall.png>
Package pdftex.def Info: images/logoITSGUsmall.png  used on input line 652.
(pdftex.def)             Requested size: 22.7534pt x 22.7534pt.
 [16]
<images/albumDAL.png, id=296, 745.28438pt x 819.06pt>
File: images/albumDAL.png Graphic file (type png)
<use images/albumDAL.png>
Package pdftex.def Info: images/albumDAL.png  used on input line 656.
(pdftex.def)             Requested size: 376.42575pt x 413.67827pt.
File: images/logoITSGUsmall.png Graphic file (type png)
<use images/logoITSGUsmall.png>
Package pdftex.def Info: images/logoITSGUsmall.png  used on input line 676.
(pdftex.def)             Requested size: 22.7534pt x 22.7534pt.
 [17

 <./images/albumDAL.png>]
File: images/logoITSGUsmall.png Graphic file (type png)
<use images/logoITSGUsmall.png>
Package pdftex.def Info: images/logoITSGUsmall.png  used on input line 695.
(pdftex.def)             Requested size: 22.7534pt x 22.7534pt.
 [18]
<images/artistDAL.png, id=310, 756.57657pt x 775.39688pt>
File: images/artistDAL.png Graphic file (type png)
<use images/artistDAL.png>
Package pdftex.def Info: images/artistDAL.png  used on input line 700.
(pdftex.def)             Requested size: 418.25368pt x 428.65845pt.
File: images/logoITSGUsmall.png Graphic file (type png)
<use images/logoITSGUsmall.png>
Package pdftex.def Info: images/logoITSGUsmall.png  used on input line 718.
(pdftex.def)             Requested size: 22.7534pt x 22.7534pt.
 [19

 <./images/artistDAL.png>]
<images/PlayListDetail.png, id=318, 726.46407pt x 459.21562pt>
File: images/PlayListDetail.png Graphic file (type png)
<use images/PlayListDetail.png>
Package pdftex.def Info: images/PlayListDetail.png  used on input line 722.
(pdftex.def)             Requested size: 418.25368pt x 264.39728pt.
File: images/logoITSGUsmall.png Graphic file (type png)
<use images/logoITSGUsmall.png>
Package pdftex.def Info: images/logoITSGUsmall.png  used on input line 735.
(pdftex.def)             Requested size: 22.7534pt x 22.7534pt.
 [20

 <./images/PlayListDetail.png>]
<images/TrackDAL.png, id=326, 700.11563pt x 846.16125pt>
File: images/TrackDAL.png Graphic file (type png)
<use images/TrackDAL.png>
Package pdftex.def Info: images/TrackDAL.png  used on input line 739.
(pdftex.def)             Requested size: 418.25368pt x 505.50574pt.


LaTeX Warning: `h' float specifier changed to `ht'.

File: images/logoITSGUsmall.png Graphic file (type png)
<use images/logoITSGUsmall.png>
Package pdftex.def Info: images/logoITSGUsmall.png  used on input line 742.
(pdftex.def)             Requested size: 22.7534pt x 22.7534pt.
[21 <./images/TrackDAL.png>]
File: images/logoITSGUsmall.png Graphic file (type png)
<use images/logoITSGUsmall.png>
Package pdftex.def Info: images/logoITSGUsmall.png  used on input line 774.
(pdftex.def)             Requested size: 22.7534pt x 22.7534pt.
 [22


]
<images/userDAL.png, id=339, 747.54282pt x 1042.64531pt>
File: images/userDAL.png Graphic file (type png)
<use images/userDAL.png>
Package pdftex.def Info: images/userDAL.png  used on input line 779.
(pdftex.def)             Requested size: 418.25368pt x 583.36829pt.


LaTeX Warning: Float too large for page by 14.26237pt on input line 781.


LaTeX Warning: `h' float specifier changed to `ht'.

File: images/logoITSGUsmall.png Graphic file (type png)
<use images/logoITSGUsmall.png>
Package pdftex.def Info: images/logoITSGUsmall.png  used on input line 782.
(pdftex.def)             Requested size: 22.7534pt x 22.7534pt.
[23 <./images/userDAL.png>]
<images/AlbumBLL.png, id=347, 493.845pt x 430.60875pt>
File: images/AlbumBLL.png Graphic file (type png)
<use images/AlbumBLL.png>
Package pdftex.def Info: images/AlbumBLL.png  used on input line 805.
(pdftex.def)             Requested size: 376.42575pt x 328.21877pt.
File: images/logoITSGUsmall.png Graphic file (type png)
<use images/logoITSGUsmall.png>
Package pdftex.def Info: images/logoITSGUsmall.png  used on input line 810.
(pdftex.def)             Requested size: 22.7534pt x 22.7534pt.
 [24


 <./images/AlbumBLL.png>]
<images/artistBLL.png, id=356, 497.60907pt x 391.4625pt>
File: images/artistBLL.png Graphic file (type png)
<use images/artistBLL.png>
Package pdftex.def Info: images/artistBLL.png  used on input line 814.
(pdftex.def)             Requested size: 334.60422pt x 263.23422pt.
<images/PlayListBLL.png, id=357, 508.14844pt x 476.53032pt>
File: images/PlayListBLL.png Graphic file (type png)
<use images/PlayListBLL.png>
Package pdftex.def Info: images/PlayListBLL.png  used on input line 815.
(pdftex.def)             Requested size: 334.60422pt x 313.79112pt.


LaTeX Warning: Float too large for page by 8.91943pt on input line 817.


LaTeX Warning: `h' float specifier changed to `ht'.

File: images/logoITSGUsmall.png Graphic file (type png)
<use images/logoITSGUsmall.png>
Package pdftex.def Info: images/logoITSGUsmall.png  used on input line 819.
(pdftex.def)             Requested size: 22.7534pt x 22.7534pt.
[25 <./images/artistBLL.png> <./images/PlayListBLL.png>]
<images/PlayListDetailBLL.png, id=366, 520.19344pt x 326.72063pt>
File: images/PlayListDetailBLL.png Graphic file (type png)
<use images/PlayListDetailBLL.png>
Package pdftex.def Info: images/PlayListDetailBLL.png  used on input line 823.
(pdftex.def)             Requested size: 334.60422pt x 210.15736pt.
<images/TrackBLL.png, id=367, 499.11469pt x 385.44pt>
File: images/TrackBLL.png Graphic file (type png)
<use images/TrackBLL.png>
Package pdftex.def Info: images/TrackBLL.png  used on input line 824.
(pdftex.def)             Requested size: 334.60422pt x 258.40225pt.


LaTeX Warning: `h' float specifier changed to `ht'.

File: images/logoITSGUsmall.png Graphic file (type png)
<use images/logoITSGUsmall.png>
Package pdftex.def Info: images/logoITSGUsmall.png  used on input line 827.
(pdftex.def)             Requested size: 22.7534pt x 22.7534pt.
[26 <./images/PlayListDetailBLL.png> <./images/TrackBLL.png>]
<images/UserBLL.png, id=376, 494.59781pt x 721.94719pt>
File: images/UserBLL.png Graphic file (type png)
<use images/UserBLL.png>
Package pdftex.def Info: images/UserBLL.png  used on input line 831.
(pdftex.def)             Requested size: 334.60422pt x 488.40594pt.


LaTeX Warning: `h' float specifier changed to `ht'.

File: images/logoITSGUsmall.png Graphic file (type png)
<use images/logoITSGUsmall.png>
Package pdftex.def Info: images/logoITSGUsmall.png  used on input line 834.
(pdftex.def)             Requested size: 22.7534pt x 22.7534pt.
[27 <./images/UserBLL.png>]
<images/socket-establishment.png, id=384, 380.42125pt x 374.39874pt>
File: images/socket-establishment.png Graphic file (type png)
<use images/socket-establishment.png>
Package pdftex.def Info: images/socket-establishment.png  used on input line 862.
(pdftex.def)             Requested size: 250.95476pt x 246.98967pt.
File: images/logoITSGUsmall.png Graphic file (type png)
<use images/logoITSGUsmall.png>
Package pdftex.def Info: images/logoITSGUsmall.png  used on input line 869.
(pdftex.def)             Requested size: 22.7534pt x 22.7534pt.
 [28




 <./images/socket-establishment.png>]
<images/Server-establishment.png, id=392, 484.05844pt x 394.47375pt>
File: images/Server-establishment.png Graphic file (type png)
<use images/Server-establishment.png>
Package pdftex.def Info: images/Server-establishment.png  used on input line 874.
(pdftex.def)             Requested size: 250.95476pt x 204.51357pt.
File: images/logoITSGUsmall.png Graphic file (type png)
<use images/logoITSGUsmall.png>
Package pdftex.def Info: images/logoITSGUsmall.png  used on input line 883.
(pdftex.def)             Requested size: 22.7534pt x 22.7534pt.
 [29

 <./images/Server-establishment.png>]
<images/getSignal-server.png, id=400, 416.30531pt x 697.8572pt>
File: images/getSignal-server.png Graphic file (type png)
<use images/getSignal-server.png>
Package pdftex.def Info: images/getSignal-server.png  used on input line 887.
(pdftex.def)             Requested size: 292.77629pt x 490.8074pt.
File: images/logoITSGUsmall.png Graphic file (type png)
<use images/logoITSGUsmall.png>
Package pdftex.def Info: images/logoITSGUsmall.png  used on input line 890.
(pdftex.def)             Requested size: 22.7534pt x 22.7534pt.
 [30 <./images/getSignal-server.png>]
<images/checkLogin-Client.png, id=409, 469.755pt x 416.30531pt>
File: images/checkLogin-Client.png Graphic file (type png)
<use images/checkLogin-Client.png>
Package pdftex.def Info: images/checkLogin-Client.png  used on input line 903.
(pdftex.def)             Requested size: 292.77629pt x 259.45966pt.
<images/sendDataUser-Server.png, id=410, 468.24937pt x 118.94438pt>
File: images/sendDataUser-Server.png Graphic file (type png)
<use images/sendDataUser-Server.png>
Package pdftex.def Info: images/sendDataUser-Server.png  used on input line 908.
(pdftex.def)             Requested size: 292.77629pt x 74.37453pt.
File: images/logoITSGUsmall.png Graphic file (type png)
<use images/logoITSGUsmall.png>
Package pdftex.def Info: images/logoITSGUsmall.png  used on input line 912.
(pdftex.def)             Requested size: 22.7534pt x 22.7534pt.
 [31


 <./images/checkLogin-Client.png> <./images/sendDataUser-Server.png>]
<images/resetPassword-client.png, id=420, 658.46pt x 443.6575pt>
File: images/resetPassword-client.png Graphic file (type png)
<use images/resetPassword-client.png>
Package pdftex.def Info: images/resetPassword-client.png  used on input line 917.
(pdftex.def)             Requested size: 209.12683pt x 140.90369pt.
<images/resetPassword-server.png, id=421, 361.35pt x 223.58531pt>
File: images/resetPassword-server.png Graphic file (type png)
<use images/resetPassword-server.png>
Package pdftex.def Info: images/resetPassword-server.png  used on input line 923.
(pdftex.def)             Requested size: 209.12683pt x 129.3964pt.
File: images/logoITSGUsmall.png Graphic file (type png)
<use images/logoITSGUsmall.png>
Package pdftex.def Info: images/logoITSGUsmall.png  used on input line 949.
(pdftex.def)             Requested size: 22.7534pt x 22.7534pt.
 [32

 <./images/resetPassword-client.png> <./images/resetPassword-server.png>]
<images/register-client.png, id=431, 623.32875pt x 394.47375pt>
File: images/register-client.png Graphic file (type png)
<use images/register-client.png>
Package pdftex.def Info: images/register-client.png  used on input line 954.
(pdftex.def)             Requested size: 250.95476pt x 158.81598pt.
<images/register-server.png, id=432, 519.44063pt x 182.18062pt>
File: images/register-server.png Graphic file (type png)
<use images/register-server.png>
Package pdftex.def Info: images/register-server.png  used on input line 959.
(pdftex.def)             Requested size: 250.95476pt x 88.01556pt.
File: images/logoITSGUsmall.png Graphic file (type png)
<use images/logoITSGUsmall.png>
Package pdftex.def Info: images/logoITSGUsmall.png  used on input line 987.
(pdftex.def)             Requested size: 22.7534pt x 22.7534pt.
 [33

 <./images/register-client.png> <./images/register-server.png>]
<images/getDataPlayListFromServer-Client.png, id=442, 741.77126pt x 690.58pt>
File: images/getDataPlayListFromServer-Client.png Graphic file (type png)
<use images/getDataPlayListFromServer-Client.png>
Package pdftex.def Info: images/getDataPlayListFromServer-Client.png  used on input line 992.
(pdftex.def)             Requested size: 209.12683pt x 194.68878pt.
<images/sendDataPlayListWithUserId-Server.png, id=443, 423.08063pt x 242.40562pt>
File: images/sendDataPlayListWithUserId-Server.png Graphic file (type png)
<use images/sendDataPlayListWithUserId-Server.png>
Package pdftex.def Info: images/sendDataPlayListWithUserId-Server.png  used on input line 997.
(pdftex.def)             Requested size: 250.95476pt x 143.78372pt.
File: images/logoITSGUsmall.png Graphic file (type png)
<use images/logoITSGUsmall.png>
Package pdftex.def Info: images/logoITSGUsmall.png  used on input line 1019.
(pdftex.def)             Requested size: 22.7534pt x 22.7534pt.
 [34

 <./images/getDataPlayListFromServer-Client.png> <./images/sendDataPlayListWithUserId-Server.png>]

Package hyperref Warning: bookmark level for unknown subsubsubsection defaults to 0.

<images/login.png, id=453, 503.8825pt x 814.04124pt>
File: images/login.png Graphic file (type png)
<use images/login.png>
Package pdftex.def Info: images/login.png  used on input line 1030.
(pdftex.def)             Requested size: 250.95476pt x 405.42969pt.
File: images/logoITSGUsmall.png Graphic file (type png)
<use images/logoITSGUsmall.png>
Package pdftex.def Info: images/logoITSGUsmall.png  used on input line 1036.
(pdftex.def)             Requested size: 22.7534pt x 22.7534pt.
[35

 <./images/login.png (PNG copy)>]
<images/signup.png, id=460, 254.45062pt x 412.54124pt>
File: images/signup.png Graphic file (type png)
<use images/signup.png>
Package pdftex.def Info: images/signup.png  used on input line 1043.
(pdftex.def)             Requested size: 167.2989pt x 271.252pt.
<images/resetPassword.png, id=461, 285.065pt x 73.27374pt>
File: images/resetPassword.png Graphic file (type png)
<use images/resetPassword.png>
Package pdftex.def Info: images/resetPassword.png  used on input line 1051.
(pdftex.def)             Requested size: 250.95476pt x 64.50566pt.
File: images/logoITSGUsmall.png Graphic file (type png)
<use images/logoITSGUsmall.png>
Package pdftex.def Info: images/logoITSGUsmall.png  used on input line 1055.
(pdftex.def)             Requested size: 22.7534pt x 22.7534pt.
 [36

 <./images/signup.png> <./images/resetPassword.png>]

Package hyperref Warning: Difference (3) between bookmark levels is greater 
(hyperref)                than one, level fixed on input line 1058.

<images/MainUI-User.png, id=472, 529.98pt x 399.74344pt>
File: images/MainUI-User.png Graphic file (type png)
<use images/MainUI-User.png>
Package pdftex.def Info: images/MainUI-User.png  used on input line 1062.
(pdftex.def)             Requested size: 334.60422pt x 252.38255pt.

Package hyperref Warning: Difference (2) between bookmark levels is greater 
(hyperref)                than one, level fixed on input line 1068.

<images/search.png, id=473, 187.45032pt x 26.34843pt>
File: images/search.png Graphic file (type png)
<use images/search.png>
Package pdftex.def Info: images/search.png  used on input line 1072.
(pdftex.def)             Requested size: 334.60422pt x 47.03552pt.
File: images/logoITSGUsmall.png Graphic file (type png)
<use images/logoITSGUsmall.png>
Package pdftex.def Info: images/logoITSGUsmall.png  used on input line 1076.
(pdftex.def)             Requested size: 22.7534pt x 22.7534pt.
[37

 <./images/MainUI-User.png> <./images/search.png>]
<images/UIaftersearching.png, id=483, 528.47438pt x 398.99063pt>
File: images/UIaftersearching.png Graphic file (type png)
<use images/UIaftersearching.png>
Package pdftex.def Info: images/UIaftersearching.png  used on input line 1080.
(pdftex.def)             Requested size: 334.60422pt x 252.61957pt.
<images/play-icon.png, id=484, 25.59563pt x 24.84282pt>
File: images/play-icon.png Graphic file (type png)
<use images/play-icon.png>
Package pdftex.def Info: images/play-icon.png  used on input line 1087.
(pdftex.def)             Requested size: 14.22636pt x 13.808pt.
<images/pause-icon.png, id=485, 30.86531pt x 30.1125pt>
File: images/pause-icon.png Graphic file (type png)
<use images/pause-icon.png>
Package pdftex.def Info: images/pause-icon.png  used on input line 1087.
(pdftex.def)             Requested size: 14.22636pt x 13.87947pt.
<images/nextsong-icon.png, id=486, 21.83156pt x 24.09pt>
File: images/nextsong-icon.png Graphic file (type png)
<use images/nextsong-icon.png>
Package pdftex.def Info: images/nextsong-icon.png  used on input line 1087.
(pdftex.def)             Requested size: 14.22636pt x 15.69836pt.
<images/prevsong-icon.png, id=487, 24.84282pt x 24.09pt>
File: images/prevsong-icon.png Graphic file (type png)
<use images/prevsong-icon.png>
Package pdftex.def Info: images/prevsong-icon.png  used on input line 1087.
(pdftex.def)             Requested size: 14.22636pt x 13.79575pt.
<images/volume-bar.png, id=488, 102.3825pt x 21.07875pt>
File: images/volume-bar.png Graphic file (type png)
<use images/volume-bar.png>
Package pdftex.def Info: images/volume-bar.png  used on input line 1087.
(pdftex.def)             Requested size: 28.45274pt x 5.85793pt.
File: images/pause-icon.png Graphic file (type png)
<use images/pause-icon.png>
Package pdftex.def Info: images/pause-icon.png  used on input line 1091.
(pdftex.def)             Requested size: 14.22636pt x 13.87947pt.
<images/mainUicontrolMusic.png, id=489, 526.21594pt x 48.18pt>
File: images/mainUicontrolMusic.png Graphic file (type png)
<use images/mainUicontrolMusic.png>
Package pdftex.def Info: images/mainUicontrolMusic.png  used on input line 1094.
(pdftex.def)             Requested size: 334.60422pt x 30.63731pt.
<images/addplaylist-button.png, id=490, 87.32625pt x 31.61812pt>
File: images/addplaylist-button.png Graphic file (type png)
<use images/addplaylist-button.png>
Package pdftex.def Info: images/addplaylist-button.png  used on input line 1098.
(pdftex.def)             Requested size: 28.45274pt x 10.3018pt.
File: images/logoITSGUsmall.png Graphic file (type png)
<use images/logoITSGUsmall.png>
Package pdftex.def Info: images/logoITSGUsmall.png  used on input line 1102.
(pdftex.def)             Requested size: 22.7534pt x 22.7534pt.
 [38

 <./images/UIaftersearching.png> <./images/play-icon.png> <./images/pause-icon.png> <./images/nextsong-icon.png> <./images/prevsong-icon.png> <./images/volume-bar.png> <./images/mainUicontrolMusic.png> <./images/addplaylist-button.png>]
<images/newplaylist.png, id=506, 188.95593pt x 70.01157pt>
File: images/newplaylist.png Graphic file (type png)
<use images/newplaylist.png>
Package pdftex.def Info: images/newplaylist.png  used on input line 1107.
(pdftex.def)             Requested size: 167.2989pt x 61.98746pt.
<images/playlistdetailUI.png, id=507, 528.47438pt x 400.49625pt>
File: images/playlistdetailUI.png Graphic file (type png)
<use images/playlistdetailUI.png>
Package pdftex.def Info: images/playlistdetailUI.png  used on input line 1114.
(pdftex.def)             Requested size: 334.60422pt x 253.57285pt.
File: images/logoITSGUsmall.png Graphic file (type png)
<use images/logoITSGUsmall.png>
Package pdftex.def Info: images/logoITSGUsmall.png  used on input line 1120.
(pdftex.def)             Requested size: 22.7534pt x 22.7534pt.
 [39

 <./images/newplaylist.png> <./images/playlistdetailUI.png>]
<images/showsongsinplaylist.png, id=517, 526.21594pt x 402.00188pt>
File: images/showsongsinplaylist.png Graphic file (type png)
<use images/showsongsinplaylist.png>
Package pdftex.def Info: images/showsongsinplaylist.png  used on input line 1125.
(pdftex.def)             Requested size: 334.60422pt x 255.63025pt.
<images/admin-mainUI.png, id=518, 754.31813pt x 551.05875pt>
File: images/admin-mainUI.png Graphic file (type png)
<use images/admin-mainUI.png>
Package pdftex.def Info: images/admin-mainUI.png  used on input line 1134.
(pdftex.def)             Requested size: 376.42575pt x 274.99054pt.


LaTeX Warning: `h' float specifier changed to `ht'.

File: images/logoITSGUsmall.png Graphic file (type png)
<use images/logoITSGUsmall.png>
Package pdftex.def Info: images/logoITSGUsmall.png  used on input line 1138.
(pdftex.def)             Requested size: 22.7534pt x 22.7534pt.
[40

 <./images/showsongsinplaylist.png>]
File: images/logoITSGUsmall.png Graphic file (type png)
<use images/logoITSGUsmall.png>
Package pdftex.def Info: images/logoITSGUsmall.png  used on input line 1138.
(pdftex.def)             Requested size: 22.7534pt x 22.7534pt.
 [41 <./images/admin-mainUI.png>]
File: images/logoITSGUsmall.png Graphic file (type png)
<use images/logoITSGUsmall.png>
Package pdftex.def Info: images/logoITSGUsmall.png  used on input line 1148.
(pdftex.def)             Requested size: 22.7534pt x 22.7534pt.
 [42

] 
enddocument/afterlastpage: lastpage setting LastPage.
(report.aux)
 ***********
LaTeX2e <2023-11-01> patch level 1
L3 programming layer <2024-04-11>
 ***********
Package rerunfilecheck Info: File `report.out' has not changed.
(rerunfilecheck)             Checksum: BAF63DD7E6600B8C6919C29B03253C71;5958.
 ) 
Here is how much of TeX's memory you used:
 28654 strings out of 474370
 533268 string characters out of 5756951
 1942754 words of memory out of 5000000
 50410 multiletter control sequences out of 15000+600000
 571628 words of font info for 61 fonts, out of 8000000 for 9000
 1141 hyphenation exceptions out of 8191
 104i,24n,115p,696b,720s stack positions out of 10000i,1000n,20000p,200000b,200000s
 <C:\Users\Admin\AppData\Local\MiKTeX\fonts/pk/ljfour/jknappen/ec/dpi600\tcrm1000.pk><D:/MikTex/fonts/type1/vntex/vnr/vnbx10.pfb><D:/MikTex/fonts/type1/vntex/vnr/vnbx12.pfb><D:/MikTex/fonts/type1/vntex/vnr/vnr10.pfb><D:/MikTex/fonts/type1/vntex/vnr/vnr8.pfb><D:/MikTex/fonts/type1/vntex/vnr/vnti10.pfb><D:/MikTex/fonts/type1/vntex/vnr/vntt10.pfb><D:/MikTex/fonts/type1/vntex/vnr/vntt8.pfb>
Output written on report.pdf (43 pages, 2593073 bytes).
PDF statistics:
 606 PDF objects out of 1000 (max. 8388607)
 122 named destinations out of 1000 (max. 500000)
 525 words of extra memory for PDF output out of 10000 (max. 10000000)

