\BOOKMARK [1][-]{section.1}{\376\377\000P\000h\036\247\000n\000\040\0001\000:\000\040\000M\036\337\000\040\001\021\036\247\000u}{}% 1
\BOOKMARK [2][-]{subsection.1.1}{\376\377\000L\000\375\000\040\000d\000o\000\040\000c\000h\036\315\000n\000\040\001\021\036\301\000\040\000t\000\340\000i}{section.1}% 2
\BOOKMARK [2][-]{subsection.1.2}{\376\377\000M\036\345\000c\000\040\001\021\000\355\000c\000h\000\040\000-\000\040\000m\036\345\000c\000\040\000t\000i\000\352\000u\000\040\000c\036\347\000a\000\040\001\021\036\301\000\040\000t\000\340\000i}{section.1}% 3
\BOOKMARK [2][-]{subsection.1.3}{\376\377\000P\000h\036\241\000m\000\040\000v\000i\000\040\001\021\036\301\000\040\000t\000\340\000i}{section.1}% 4
\BOOKMARK [2][-]{subsection.1.4}{\376\377\000N\036\331\000i\000\040\000d\000u\000n\000g\000\040\001\021\036\301\000\040\000t\000\340\000i}{section.1}% 5
\BOOKMARK [1][-]{section.2}{\376\377\000X\000\342\000y\000\040\000d\036\361\000n\000g\000\040\036\351\000n\000g\000\040\000d\036\345\000n\000g\000\040\000n\000g\000h\000e\000\040\000n\000h\036\241\000c\000\040\000t\000r\000\352\000n\000\040\000P\000y\000t\000h\000o\000n\000\040\000b\036\261\000n\000g\000\040\000c\000\341\000c\000\040\000t\000h\001\260\000\040\000v\000i\036\307\000n\000\040\000c\036\347\000a\000\040\000P\000y\000t\000h\000o\000n}{}% 6
\BOOKMARK [2][-]{subsection.2.1}{\376\377\001\020\000\364\000i\000\040\000n\000\351\000t\000\040\000v\036\301\000\040\036\351\000n\000g\000\040\000d\036\345\000n\000g\000\040\000n\000g\000h\000e\000\040\000n\000h\036\241\000c}{section.2}% 7
\BOOKMARK [2][-]{subsection.2.2}{\376\377\000T\036\325\000n\000g\000\040\000q\000u\000a\000n\000\040\000v\000\340\000\040\000p\000h\000\342\000n\000\040\000t\000\355\000c\000h}{section.2}% 8
\BOOKMARK [3][-]{subsubsection.2.2.1}{\376\377\000K\000h\036\243\000o\000\040\000s\000\341\000t}{subsection.2.2}% 9
\BOOKMARK [3][-]{subsubsection.2.2.2}{\376\377\000P\000h\000\342\000n\000\040\000t\000\355\000c\000h}{subsection.2.2}% 10
\BOOKMARK [2][-]{subsection.2.3}{\376\377\000X\000\342\000y\000\040\000d\036\361\000n\000g\000\040\036\351\000n\000g\000\040\000d\036\345\000n\000g\000\040\000n\000g\000h\000e\000\040\000n\000h\036\241\000c}{section.2}% 11
\BOOKMARK [3][-]{subsubsection.2.3.1}{\376\377\000C\000\340\000i\000\040\001\021\036\267\000t\000\040\000c\000\341\000c\000\040\000t\000h\001\260\000\040\000v\000i\036\307\000n\000\040\000c\036\247\000n\000\040\000t\000h\000i\036\277\000t}{subsection.2.3}% 12
\BOOKMARK [2][-]{subsection.2.4}{\376\377\000C\000\341\000c\000\040\000b\001\260\036\333\000c\000\040\000k\000h\036\337\000i\000\040\000t\036\241\000o\000\040\036\351\000n\000g\000\040\000d\036\345\000n\000g\000\040\000n\000g\000h\000e\000\040\000n\000h\036\241\000c}{section.2}% 13
\BOOKMARK [3][-]{subsubsection.2.4.1}{\376\377\000K\000h\000a\000i\000\040\000b\000\341\000o\000\040\000t\000h\001\260\000\040\000v\000i\036\307\000n}{subsection.2.4}% 14
\BOOKMARK [2][-]{subsection.2.5}{\376\377\000S\001\241\000\040\001\021\036\323\000\040\000c\001\241\000\040\000s\036\337\000\040\000d\036\357\000\040\000l\000i\036\307\000u}{section.2}% 15
\BOOKMARK [2][-]{subsection.2.6}{\376\377\000K\000i\036\277\000n\000\040\000t\000r\000\372\000c\000\040\036\351\000n\000g\000\040\000d\036\345\000n\000g}{section.2}% 16
\BOOKMARK [2][-]{subsection.2.7}{\376\377\000X\000\342\000y\000\040\000d\036\361\000n\000g\000\040\000c\000h\036\351\000c\000\040\000n\001\003\000n\000g}{section.2}% 17
\BOOKMARK [3][-]{subsubsection.2.7.1}{\376\377\000T\000h\000i\036\277\000t\000\040\000k\036\277\000\040\000s\000o\000c\000k\000e\000t\000\040\000s\000e\000r\000v\000e\000r\000\040\000v\000\340\000\040\000c\000l\000i\000e\000n\000t\000\040\000v\000\340\000\040\000c\000\340\000i\000\040\001\021\036\267\000t\000\040\000v\000\340\000i\000\040\000c\000h\036\351\000c\000\040\000n\001\003\000n\000g\000\040\000c\000h\000o\000\040\036\351\000n\000g\000\040\000d\036\345\000n\000g\000\040\000n\000g\000h\000e\000\040\000n\000h\036\241\000c}{subsection.2.7}% 18
\BOOKMARK [3][-]{subsubsection.2.7.2}{\376\377\000X\000\342\000y\000\040\000d\036\361\000n\000g\000\040\000g\000i\000a\000o\000\040\000d\000i\036\307\000n\000\040\000v\000\340\000\040\000c\000h\036\351\000c\000\040\000n\001\003\000n\000g\000\040\000c\000h\000o\000\040\036\351\000n\000g\000\040\000d\036\345\000n\000g}{subsection.2.7}% 19
\BOOKMARK [0][-]{subsubsubsection.2.7.2.1}{\376\377\001\020\001\003\000n\000g\000\040\000n\000h\036\255\000p}{}% 20
\BOOKMARK [0][-]{subsubsubsection.2.7.2.2}{\376\377\001\020\001\003\000n\000g\000\040\000k\000\355}{}% 21
\BOOKMARK [0][-]{subsubsubsection.2.7.2.3}{\376\377\001\020\036\267\000t\000\040\000l\036\241\000i\000\040\000m\036\255\000t\000\040\000k\000h\036\251\000u}{}% 22
\BOOKMARK [1][-]{subsubsection.2.7.3}{\376\377\000T\000r\000a\000n\000g\000\040\000c\000h\036\347}{subsubsubsection.2.7.2.3}% 23
\BOOKMARK [2][-]{subsubsection.2.7.4}{\376\377\000T\000\354\000m\000\040\000k\000i\036\277\000m}{subsubsection.2.7.3}% 24
\BOOKMARK [3][-]{subsubsection.2.7.5}{\376\377\000N\000g\000h\000e\000\040\000n\000h\036\241\000c}{subsubsection.2.7.4}% 25
\BOOKMARK [3][-]{subsubsection.2.7.6}{\376\377\000P\000l\000a\000y\000l\000i\000s\000t}{subsubsection.2.7.4}% 26
\BOOKMARK [3][-]{subsubsection.2.7.7}{\376\377\000C\000\340\000i\000\040\001\021\036\267\000t\000\040\000t\000\340\000i\000\040\000k\000h\000o\036\243\000n\000\040\000c\000\341\000\040\000n\000h\000\342\000n\000\040\000v\000\340\000\040\001\021\036\325\000i\000\040\000m\036\255\000t\000\040\000k\000h\036\251\000u}{subsubsection.2.7.4}% 27
\BOOKMARK [3][-]{subsubsection.2.7.8}{\376\377\000G\000i\000a\000o\000\040\000d\000i\036\307\000n\000\040\000v\000\340\000\040\000c\000h\036\351\000c\000\040\000n\001\003\000n\000g\000\040\000c\000h\000o\000\040\000S\000e\000r\000v\000e\000r}{subsubsection.2.7.4}% 28
\BOOKMARK [0][-]{subsubsubsection.2.7.8.1}{\376\377\000Q\000u\036\243\000n\000\040\000l\000\375\000\040\000n\000h\036\241\000c}{}% 29
